O O O O O O B-reminder/todo I-reminder/todo I-reminder/todo
O O O O O O B-reminder/todo I-reminder/todo I-reminder/todo
O O O O O O B-reminder/todo I-reminder/todo I-reminder/todo
O O O O O O B-reminder/todo I-reminder/todo I-reminder/todo I-reminder/todo
O O O O O O B-reminder/todo I-reminder/todo I-reminder/todo I-reminder/todo
O O O O O O B-reminder/todo I-reminder/todo I-reminder/todo I-reminder/todo
O O O O O O B-reminder/todo I-reminder/todo I-reminder/todo I-reminder/todo
O O O O O O B-reminder/todo I-reminder/todo I-reminder/todo I-reminder/todo
O O O O O O B-reminder/todo I-reminder/todo I-reminder/todo I-reminder/todo
O O O O O O B-reminder/todo I-reminder/todo I-reminder/todo
O O O O O O B-reminder/todo I-reminder/todo I-reminder/todo
O O O O O O B-reminder/todo I-reminder/todo I-reminder/todo
O O O O O O B-reminder/todo I-reminder/todo I-reminder/todo
O O O O O O B-reminder/todo I-reminder/todo I-reminder/todo
O O O O O O B-reminder/todo I-reminder/todo I-reminder/todo
O O O O O O B-reminder/todo I-reminder/todo I-reminder/todo I-reminder/todo
O O O O O O B-reminder/todo I-reminder/todo I-reminder/todo I-reminder/todo
O O O O O O B-reminder/todo I-reminder/todo I-reminder/todo I-reminder/todo
O O O O O O B-reminder/todo I-reminder/todo I-reminder/todo I-reminder/todo I-reminder/todo
O O O O O O B-reminder/todo I-reminder/todo I-reminder/todo I-reminder/todo I-reminder/todo
O O O O O O B-reminder/todo I-reminder/todo I-reminder/todo I-reminder/todo I-reminder/todo
O O O O O O B-reminder/todo I-reminder/todo I-reminder/todo
O O O O O O B-reminder/todo I-reminder/todo I-reminder/todo
O O O O O O B-reminder/todo I-reminder/todo I-reminder/todo
O O O O O O B-reminder/todo I-reminder/todo I-reminder/todo
O O O O O O B-reminder/todo I-reminder/todo I-reminder/todo
O O O O O O B-reminder/todo I-reminder/todo I-reminder/todo
O O O O O O B-reminder/todo I-reminder/todo
O O O O O O B-reminder/todo I-reminder/todo
O O O O O O B-reminder/todo I-reminder/todo
O O O O O O B-reminder/todo I-reminder/todo I-reminder/todo I-reminder/todo
O O O O O O B-reminder/todo I-reminder/todo I-reminder/todo I-reminder/todo
O O O O O O B-reminder/todo I-reminder/todo I-reminder/todo I-reminder/todo
O O O O O O B-reminder/todo I-reminder/todo I-reminder/todo I-reminder/todo
O O O O O O B-reminder/todo I-reminder/todo I-reminder/todo I-reminder/todo
O O O O O O B-reminder/todo I-reminder/todo I-reminder/todo I-reminder/todo
O O O O O O B-reminder/todo I-reminder/todo I-reminder/todo
O O O O O O B-reminder/todo I-reminder/todo I-reminder/todo
O O O O O O B-reminder/todo I-reminder/todo I-reminder/todo
O O O O O O B-reminder/todo I-reminder/todo I-reminder/todo
O O O O O O B-reminder/todo I-reminder/todo I-reminder/todo
O O O O O O B-reminder/todo I-reminder/todo I-reminder/todo
O O O O O O B-reminder/todo I-reminder/todo I-reminder/todo
O O O O O O B-reminder/todo I-reminder/todo I-reminder/todo
O O O O O O B-reminder/todo I-reminder/todo I-reminder/todo
O O O O O O B-reminder/todo I-reminder/todo I-reminder/todo
O O O O O O B-reminder/todo I-reminder/todo I-reminder/todo
O O O O O O B-reminder/todo I-reminder/todo I-reminder/todo
O O O O O O B-reminder/todo I-reminder/todo I-reminder/todo
O O O O O O B-reminder/todo I-reminder/todo I-reminder/todo
O O O O O O B-reminder/todo I-reminder/todo I-reminder/todo
O O O O O O B-reminder/todo I-reminder/todo I-reminder/todo I-reminder/todo I-reminder/todo I-reminder/todo
O O O O O O B-reminder/todo I-reminder/todo I-reminder/todo I-reminder/todo I-reminder/todo I-reminder/todo
O O O O O O B-reminder/todo I-reminder/todo I-reminder/todo I-reminder/todo I-reminder/todo I-reminder/todo
O O O O O O B-reminder/todo I-reminder/todo I-reminder/todo I-reminder/todo
O O O O O O B-reminder/todo I-reminder/todo I-reminder/todo I-reminder/todo
O O O O O O B-reminder/todo I-reminder/todo I-reminder/todo I-reminder/todo
O O O O O O O B-reminder/todo I-reminder/todo I-reminder/todo I-reminder/todo I-reminder/todo I-reminder/todo
O O O O O O O B-reminder/todo I-reminder/todo I-reminder/todo I-reminder/todo I-reminder/todo I-reminder/todo
O O O O O O O B-reminder/todo I-reminder/todo I-reminder/todo I-reminder/todo I-reminder/todo I-reminder/todo
O O O O O O B-reminder/todo I-reminder/todo I-reminder/todo I-reminder/todo
O O O O O O B-reminder/todo I-reminder/todo I-reminder/todo I-reminder/todo
O O O O O O B-reminder/todo I-reminder/todo I-reminder/todo I-reminder/todo
O O O O O O B-reminder/todo I-reminder/todo I-reminder/todo I-reminder/todo
O O O O O O B-reminder/todo I-reminder/todo I-reminder/todo I-reminder/todo
O O O O O O B-reminder/todo I-reminder/todo I-reminder/todo I-reminder/todo
O O O O O O B-reminder/todo I-reminder/todo I-reminder/todo I-reminder/todo I-reminder/todo
O O O O O O B-reminder/todo I-reminder/todo I-reminder/todo I-reminder/todo I-reminder/todo
O O O O O O B-reminder/todo I-reminder/todo I-reminder/todo I-reminder/todo I-reminder/todo
O O O O O O B-reminder/todo I-reminder/todo I-reminder/todo
O O O O O O B-reminder/todo I-reminder/todo I-reminder/todo
O O O O O O B-reminder/todo I-reminder/todo I-reminder/todo
O O O O O O B-reminder/todo I-reminder/todo I-reminder/todo I-reminder/todo
O O O O O O B-reminder/todo I-reminder/todo I-reminder/todo I-reminder/todo
O O O O O O B-reminder/todo I-reminder/todo I-reminder/todo I-reminder/todo
O O O O O O B-reminder/todo I-reminder/todo I-reminder/todo I-reminder/todo I-reminder/todo
O O O O O O B-reminder/todo I-reminder/todo I-reminder/todo I-reminder/todo I-reminder/todo
O O O O O O B-reminder/todo I-reminder/todo I-reminder/todo I-reminder/todo I-reminder/todo
O O O O O O B-reminder/todo I-reminder/todo I-reminder/todo I-reminder/todo I-reminder/todo
O O O O O O B-reminder/todo I-reminder/todo I-reminder/todo I-reminder/todo I-reminder/todo
O O O O O O B-reminder/todo I-reminder/todo I-reminder/todo I-reminder/todo I-reminder/todo
O O O O O O B-reminder/todo I-reminder/todo I-reminder/todo
O O O O O O B-reminder/todo I-reminder/todo I-reminder/todo
O O O O O O B-reminder/todo I-reminder/todo I-reminder/todo
O O O O O O B-reminder/todo I-reminder/todo I-reminder/todo
O O O O O O B-reminder/todo I-reminder/todo I-reminder/todo
O O O O O O B-reminder/todo I-reminder/todo I-reminder/todo
O O O O O O B-reminder/todo I-reminder/todo I-reminder/todo
O O O O O O B-reminder/todo I-reminder/todo I-reminder/todo
O O O O O O B-reminder/todo I-reminder/todo I-reminder/todo
O O O O O O B-reminder/todo I-reminder/todo
O O O O O O B-reminder/todo I-reminder/todo
O O O O O O B-reminder/todo I-reminder/todo
O O O O O O B-reminder/todo I-reminder/todo I-reminder/todo I-reminder/todo
O O O O O O B-reminder/todo I-reminder/todo I-reminder/todo I-reminder/todo
O O B-reminder/noun B-datetime I-datetime
O O O O B-reminder/noun
O B-reminder/noun O B-reminder/todo I-reminder/todo I-reminder/todo
O O B-reminder/noun B-datetime I-datetime I-datetime
O O B-reminder/noun O B-reminder/todo I-reminder/todo
O B-reminder/noun O O O O O O O O O
O B-reminder/noun O O
O O B-reminder/noun
O O O O B-reminder/todo I-reminder/todo I-reminder/todo
O O O O O O O O B-reminder/noun
O O B-reminder/noun O B-reminder/todo I-reminder/todo
O O O O O O O O B-reminder/noun
O O B-reminder/todo I-reminder/todo I-reminder/todo B-reminder/noun
O O O B-reminder/noun
O B-reminder/noun O
O B-reminder/todo B-reminder/noun
O O B-reminder/noun O O B-datetime I-datetime
O O B-reminder/noun O B-datetime I-datetime I-datetime
O O B-reminder/todo I-reminder/todo B-reminder/noun
O O O O B-reminder/noun
O O B-reminder/noun O O B-reminder/todo
O B-datetime I-datetime B-reminder/todo I-reminder/todo B-reminder/noun O B-reminder/recurring_period
O O B-reminder/noun B-datetime I-datetime I-datetime
O O B-reminder/noun O O B-reminder/todo
O O B-reminder/noun B-datetime I-datetime
B-reminder/noun B-datetime I-datetime I-datetime
O O O O B-reminder/noun B-datetime I-datetime
O O B-reminder/noun
O O B-reminder/noun B-datetime I-datetime
O O O B-reminder/noun B-datetime I-datetime
O B-reminder/todo I-reminder/todo B-reminder/noun
O O B-reminder/noun O B-reminder/todo
O O B-reminder/noun B-datetime I-datetime
O O O O B-reminder/noun O B-reminder/todo I-reminder/todo O
O O B-reminder/noun B-datetime I-datetime
O O O O B-reminder/noun B-datetime I-datetime
O O B-reminder/noun O
O O O B-reminder/noun
O O O B-reminder/noun B-datetime I-datetime
O O O B-reminder/noun B-datetime I-datetime
O O B-reminder/noun
O O O O O O B-reminder/noun
O O O O O B-reminder/noun O
O O O B-reminder/todo I-reminder/todo I-reminder/todo I-reminder/todo I-reminder/todo
O O O B-reminder/noun O O O
