O O O B-artist I-artist O B-playlist_owner O B-playlist I-playlist I-playlist
O O B-music_item O B-playlist_owner B-playlist I-playlist
O B-music_item O B-playlist I-playlist I-playlist
O B-music_item O B-playlist I-playlist O
O O B-music_item O B-artist I-artist O B-playlist_owner O B-playlist I-playlist
O O B-restaurant_type O B-country I-country I-country O B-timeRange I-timeRange I-timeRange I-timeRange O B-party_size_number
O O O O B-restaurant_name I-restaurant_name I-restaurant_name O B-state
O O O O B-party_size_number O O B-restaurant_type O B-state
O O O O O B-party_size_number O O B-restaurant_type O B-timeRange I-timeRange
O O O O O O B-restaurant_type I-restaurant_type O B-city I-city O B-party_size_number O
O O O B-condition_description O B-timeRange O B-state
O O B-spatial_relation B-condition_description O B-timeRange I-timeRange O B-city
O O O O O B-geographic_poi I-geographic_poi I-geographic_poi I-geographic_poi O B-timeRange I-timeRange
O O O O B-condition_description O B-country
O O O B-condition_description O B-state
O B-artist O O O B-year O B-service I-service
O B-artist O O B-year
O O O B-artist I-artist
O O B-music_item O B-artist I-artist
O O O O O B-sort B-artist I-artist
O B-object_name I-object_name I-object_name I-object_name O O O B-rating_value
B-object_select B-object_type O B-rating_value O
O B-object_name I-object_name I-object_name B-rating_value O O B-best_rating
O O B-object_name I-object_name I-object_name O O O O O B-rating_value O O B-best_rating
O B-object_name I-object_name O B-rating_value
O O O O O B-object_type I-object_type O B-object_name I-object_name I-object_name I-object_name I-object_name I-object_name
O O B-object_type B-object_name I-object_name I-object_name I-object_name
O O B-object_name I-object_name I-object_name O O O O O
O O B-object_type O B-object_name I-object_name I-object_name I-object_name
O O B-object_type O B-object_name I-object_name I-object_name
O O B-object_location_type I-object_location_type O B-movie_name I-movie_name I-movie_name O O B-spatial_relation
O O O O O O O O O B-object_type I-object_type O B-movie_type B-spatial_relation I-spatial_relation I-spatial_relation
O O O B-movie_name I-movie_name I-movie_name I-movie_name I-movie_name O O B-location_name I-location_name I-location_name
O O O O O O B-movie_name I-movie_name I-movie_name O O O
O B-movie_type O O B-spatial_relation I-spatial_relation I-spatial_relation
