O O B-artist I-artist B-music_item O B-playlist I-playlist
O B-music_item O B-playlist I-playlist
O O B-music_item O B-playlist I-playlist I-playlist
O B-artist O B-playlist_owner B-playlist I-playlist O
O B-entity_name I-entity_name O B-playlist I-playlist
O O O B-music_item O B-playlist_owner B-playlist I-playlist O
O O B-music_item O B-playlist_owner O B-playlist I-playlist
O B-entity_name I-entity_name O B-playlist I-playlist I-playlist
O O O O B-party_size_description I-party_size_description I-party_size_description O B-country
O O B-cuisine B-restaurant_type O B-city B-state B-timeRange O B-party_size_number O
O O O O O B-restaurant_type O B-city B-state
O O O O O B-country I-country O O O O B-party_size_number O B-restaurant_name I-restaurant_name I-restaurant_name
O O O O O O B-restaurant_type O O B-served_dish I-served_dish O B-state
O O O O B-party_size_number O O B-restaurant_type O B-city
O O O O B-restaurant_name I-restaurant_name O B-city B-state
O O B-party_size_number O B-restaurant_name I-restaurant_name I-restaurant_name O B-state
O O B-condition_temperature O B-state I-state B-timeRange I-timeRange I-timeRange I-timeRange I-timeRange I-timeRange
O O B-city
O O O O B-city O O B-timeRange I-timeRange
O O O O O O B-city B-country
O O O O O O B-country O B-timeRange I-timeRange
O O O B-country I-country O O B-city O B-timeRange I-timeRange I-timeRange
O O O O O O B-timeRange O O B-state
O O O O O O B-timeRange I-timeRange O B-state
O B-service I-service O O O O O B-artist I-artist
O B-album I-album I-album I-album I-album O B-service
O O O O B-artist I-artist I-artist O B-music_item
O O O B-service
O B-album I-album O B-artist I-artist
O O O O B-album I-album I-album I-album B-music_item O B-artist I-artist
O B-genre
O O O B-music_item O B-artist I-artist
B-object_name I-object_name I-object_name I-object_name I-object_name I-object_name I-object_name I-object_name I-object_name O O O O O B-best_rating B-rating_unit O O O O O B-rating_value
O B-object_select B-object_type O B-rating_value
O O O O B-object_select B-object_type O O O B-rating_value O O B-best_rating B-rating_unit
O B-object_name I-object_name I-object_name I-object_name B-rating_value B-rating_unit
O B-rating_value O O B-best_rating O B-object_name I-object_name I-object_name I-object_name
O O B-object_select B-object_part_of_series_type B-rating_value B-rating_unit
O B-object_select B-object_type B-rating_value O O B-best_rating B-rating_unit
O O B-object_name I-object_name B-object_part_of_series_type O B-rating_value
O O O O O B-object_name I-object_name
O O B-object_name I-object_name I-object_name I-object_name I-object_name I-object_name I-object_name
O O O O O B-object_type B-object_name I-object_name I-object_name
O O O B-object_type B-object_name I-object_name
O O O B-object_type B-object_name I-object_name
O O O O O B-object_type O B-object_name I-object_name O O
O B-object_name I-object_name I-object_name I-object_name
O O O O B-object_name
O O O B-object_type I-object_type O O B-location_name I-location_name
O B-object_type I-object_type O B-movie_type I-movie_type B-spatial_relation I-spatial_relation I-spatial_relation
O O O O B-object_type I-object_type
O B-movie_name I-movie_name O
O O O B-movie_name O B-location_name I-location_name
O B-movie_name I-movie_name I-movie_name I-movie_name I-movie_name O B-timeRange I-timeRange I-timeRange
O O B-movie_name I-movie_name I-movie_name O O B-location_name I-location_name I-location_name
O O O B-spatial_relation B-object_location_type I-object_location_type O B-movie_name I-movie_name I-movie_name I-movie_name
