O O B-weather/noun O B-location I-location O
O O O B-weather/noun I-weather/noun O B-location I-location B-datetime O
O O O O B-weather/attribute O O O
O O O B-weather/attribute O
O B-weather/attribute O O O B-datetime O
O B-weather/attribute O O O B-datetime I-datetime O
O O B-weather/noun O O B-location O
O O O O O B-weather/noun B-negation O O B-weather/noun
O O O B-datetime
O O O B-datetime O
O O O O O B-datetime I-datetime
O O O B-datetime I-datetime I-datetime O
O O O O O O O
O O B-datetime I-datetime O
O O O O O O O O O B-datetime
O O O O B-weather/attribute I-weather/attribute B-datetime O
O O O B-weather/attribute I-weather/attribute
O O O B-weather/attribute I-weather/attribute
O O O O O O B-datetime I-datetime I-datetime I-datetime
O O O B-datetime
O O O O O O B-datetime I-datetime
O O B-datetime I-datetime I-datetime O
O O O B-weather/attribute I-weather/attribute O
O O O B-datetime I-datetime
