O O B-music_item B-artist I-artist O B-playlist_owner B-playlist O
O O O O O B-playlist I-playlist I-playlist I-playlist B-music_item O B-playlist_owner O
O B-entity_name I-entity_name O B-playlist_owner B-playlist I-playlist O
O O O O O B-music_item O B-playlist_owner B-playlist I-playlist O
O O O O O B-cuisine I-cuisine B-restaurant_type O B-party_size_number O B-spatial_relation I-spatial_relation I-spatial_relation O B-poi I-poi
O O O O O O B-city O B-timeRange O
O O O O O B-party_size_number O O B-restaurant_type O O O B-timeRange I-timeRange
O O O O O B-timeRange I-timeRange O O O O B-party_size_number O B-city I-city
O O O O O B-timeRange I-timeRange I-timeRange I-timeRange I-timeRange I-timeRange I-timeRange O B-geographic_poi I-geographic_poi I-geographic_poi I-geographic_poi I-geographic_poi
O O O O O O O B-timeRange I-timeRange I-timeRange O B-geographic_poi I-geographic_poi I-geographic_poi
O O O O O O B-current_location O B-timeRange I-timeRange I-timeRange
O O O O O B-state
O B-track I-track I-track O B-artist I-artist
O B-playlist I-playlist
O B-artist I-artist O B-service
O O B-sort B-music_item O B-artist I-artist
O O B-object_select B-object_type B-rating_value O O B-best_rating
O O O B-object_select B-object_part_of_series_type B-rating_value B-rating_unit
O B-object_name I-object_name I-object_name O B-rating_value
O O O O O B-object_select B-object_part_of_series_type B-rating_value B-rating_unit
O O O O O B-object_type O B-object_name I-object_name
O B-object_name I-object_name I-object_name
O O O O O O B-object_name I-object_name B-object_type
O O O B-object_type O O O B-object_name I-object_name
O O O B-object_type I-object_type O O B-location_name I-location_name
O B-object_location_type I-object_location_type O B-movie_name I-movie_name I-movie_name O B-spatial_relation O O
O O B-movie_name I-movie_name I-movie_name I-movie_name O O O B-spatial_relation B-object_location_type I-object_location_type
O B-object_type I-object_type O B-spatial_relation I-spatial_relation O B-movie_type I-movie_type
