O O O O B-fare_basis_code O
O O O O B-fare_basis_code O
O O O O O O O O O O O O O O O B-fromloc.city_name O B-toloc.city_name O
O O O O O B-fromloc.city_name O B-toloc.city_name I-toloc.city_name O B-airline_name I-airline_name O O B-depart_time.time_relative B-depart_time.time I-depart_time.time O O O O O O O O O O O O O O O
B-round_trip I-round_trip O O B-fromloc.city_name O B-toloc.city_name B-cost_relative O B-fare_amount I-fare_amount B-round_trip I-round_trip O O B-fromloc.city_name O B-toloc.city_name B-cost_relative O B-fare_amount I-fare_amount B-round_trip I-round_trip O O B-fromloc.city_name O B-toloc.city_name B-cost_relative O B-fare_amount I-fare_amount
O O O O O B-cost_relative I-cost_relative B-round_trip I-round_trip O O B-fromloc.city_name O B-toloc.city_name
O O O O O O O O B-fromloc.city_name O B-toloc.city_name
O O O O O O B-round_trip I-round_trip O O B-fromloc.city_name O B-toloc.city_name
O O O O B-fromloc.city_name O B-toloc.city_name B-toloc.state_code O O O
O O O O B-fromloc.city_name O B-toloc.city_name B-toloc.state_code O O O O O O
O O O O O O O O O B-fromloc.city_name I-fromloc.city_name O B-toloc.city_name O O B-depart_date.date_relative O B-depart_date.month_name B-depart_date.day_number O O O B-toloc.city_name B-arrive_time.time_relative B-arrive_time.time O O
B-city_name O
O O O O O O O O B-fromloc.city_name O B-toloc.city_name
O O O B-cost_relative O O O O
O O O O B-city_name O
O O O O O O O O B-fromloc.airport_name I-fromloc.airport_name O O O O B-toloc.city_name
O O O O O B-fromloc.city_name O B-toloc.city_name B-round_trip I-round_trip
O O O O O O B-toloc.city_name O B-arrive_date.month_name B-arrive_date.day_number
O O O O O O O B-fromloc.city_name I-fromloc.city_name O O B-toloc.city_name O B-stoploc.city_name O O B-arrive_time.time_relative B-arrive_time.time I-arrive_time.time
O O O O O O B-fromloc.city_name O B-toloc.city_name I-toloc.city_name O O O B-stoploc.city_name I-stoploc.city_name O O B-meal_description O O O O O O O
O O O O B-fromloc.city_name O O O O O B-toloc.city_name O B-depart_date.month_name B-depart_date.day_number
O O O O O O B-fromloc.city_name O B-toloc.city_name
O O O O O O B-airline_name I-airline_name O B-fromloc.city_name O B-toloc.city_name I-toloc.city_name O O B-depart_time.period_of_day O O
O B-depart_date.day_name O O O B-fromloc.city_name O B-toloc.city_name I-toloc.city_name B-toloc.state_name O O B-depart_time.time_relative B-depart_time.time
B-airline_name O O B-fromloc.city_name O B-toloc.city_name I-toloc.city_name B-depart_time.period_of_day
O O B-depart_date.date_relative O O O O O O O B-fromloc.city_name O B-toloc.city_name I-toloc.city_name B-or O B-toloc.city_name
O B-airline_name I-airline_name O O B-fromloc.city_name O B-toloc.city_name I-toloc.city_name
B-fromloc.city_name O B-toloc.city_name
O O O O O B-fromloc.city_name O B-toloc.city_name O B-class_type I-class_type
O O O O O B-fromloc.city_name O B-toloc.city_name I-toloc.city_name O B-depart_date.day_name O B-depart_date.day_number
O O O B-fromloc.city_name B-depart_date.month_name B-depart_date.day_number B-depart_time.time_relative B-depart_time.time I-depart_time.time O O O B-toloc.city_name I-toloc.city_name
O O O O O O O O O B-fromloc.airport_name I-fromloc.airport_name I-fromloc.airport_name
O O O O O B-flight_mod O O B-fromloc.city_name O B-toloc.city_name O O O B-meal
O B-fromloc.city_name O B-toloc.city_name I-toloc.city_name I-toloc.city_name
O O O O O O O B-fromloc.city_name O B-toloc.city_name O B-economy O
O O O O B-fromloc.city_name
O O O O O B-fromloc.city_name O B-toloc.city_name
O O O B-fromloc.city_name O B-toloc.city_name O B-airline_name I-airline_name O O B-depart_time.time_relative B-depart_time.time
O O O O O O O O B-fromloc.city_name O B-toloc.city_name I-toloc.city_name O B-airline_name I-airline_name
O O O O O B-fromloc.city_name O B-toloc.city_name I-toloc.city_name B-depart_date.date_relative B-depart_date.day_name O O B-depart_time.time_relative B-depart_time.time
O O O O O B-fromloc.city_name O B-toloc.city_name I-toloc.city_name O O O O B-stoploc.city_name
O O O O O B-city_name O B-airline_name I-airline_name
O O O B-flight_mod O O B-fromloc.city_name O B-toloc.city_name O O B-flight_mod O O B-fromloc.city_name O B-toloc.city_name O O B-depart_date.date_relative O
O O O O O B-fromloc.city_name O B-toloc.city_name O O B-depart_date.day_name B-depart_time.period_of_day B-or B-depart_date.day_name B-depart_time.period_of_day
O O O O O O B-fromloc.city_name O O B-toloc.city_name O B-toloc.city_name O O O
O O O O O B-fromloc.city_name O B-toloc.city_name
O O O O O B-fromloc.city_name O B-toloc.city_name I-toloc.city_name
O O O B-flight_mod O O B-fromloc.city_name I-fromloc.city_name O B-toloc.city_name O O O B-meal_description
O O O O O O B-fromloc.city_name O B-depart_time.time I-depart_time.time O O B-toloc.city_name
O O O O O O B-toloc.city_name O
O O O O O O O O O O B-fromloc.city_name O B-toloc.city_name O O O
O O O O O O O B-toloc.city_name I-toloc.city_name I-toloc.city_name O B-fromloc.city_name B-arrive_time.time_relative B-arrive_time.time
O O O O O B-flight_time O O O B-airline_name O B-airline_name O B-toloc.airport_code O B-depart_date.month_name B-depart_date.day_number
O O O B-transport_type I-transport_type O O B-city_name I-city_name
O O O O O O O O B-toloc.airport_name I-toloc.airport_name I-toloc.airport_name
O O O O O B-city_name O O B-city_name
O O O B-city_name
O O O O O O O B-fromloc.airport_name I-fromloc.airport_name O O O O O O O O
O O O O B-meal O O B-fromloc.city_name O B-toloc.airport_code O B-airline_name B-flight_number
O O O O B-airline_code O O B-class_type I-class_type
O O O B-restriction_code
