O B-music_item B-artist I-artist I-artist O B-playlist I-playlist
O B-artist I-artist O O B-playlist I-playlist O
O B-playlist I-playlist I-playlist O B-playlist_owner B-entity_name I-entity_name O
O O B-music_item O O B-playlist O
O O O B-artist O B-playlist_owner B-playlist I-playlist O
O B-artist I-artist O B-playlist_owner B-playlist I-playlist I-playlist O
O B-artist I-artist O B-playlist_owner B-playlist I-playlist O
O O O O B-artist I-artist B-music_item O B-playlist_owner B-playlist O
O O B-music_item O O B-playlist I-playlist O
O B-entity_name O B-playlist_owner B-playlist I-playlist I-playlist I-playlist
O O B-music_item O B-playlist_owner B-playlist I-playlist O
O B-artist I-artist O B-playlist I-playlist
O B-entity_name O B-playlist_owner B-playlist I-playlist I-playlist O
O O B-music_item O B-playlist I-playlist
O B-artist I-artist O B-playlist_owner I-playlist_owner B-playlist I-playlist I-playlist O
O O B-artist B-music_item O B-playlist_owner B-playlist I-playlist O
O B-entity_name I-entity_name I-entity_name I-entity_name I-entity_name I-entity_name O O B-playlist I-playlist O
O O O O O B-music_item O B-playlist_owner B-playlist O
O B-artist I-artist O B-playlist_owner B-playlist I-playlist I-playlist O
O B-artist I-artist O B-playlist_owner B-playlist I-playlist I-playlist I-playlist I-playlist O
O O B-artist I-artist O B-playlist I-playlist O
O B-entity_name I-entity_name I-entity_name I-entity_name O B-playlist_owner B-playlist O
O O O O B-artist I-artist B-music_item O O B-playlist I-playlist O
O O B-music_item O B-playlist_owner B-playlist I-playlist O
O B-music_item O B-playlist I-playlist B-playlist_owner O
O O B-music_item B-artist I-artist I-artist O B-playlist_owner B-playlist I-playlist O
O B-entity_name I-entity_name I-entity_name O B-playlist_owner B-playlist I-playlist O
O B-music_item O B-playlist_owner B-playlist I-playlist I-playlist I-playlist I-playlist
O O B-music_item O B-playlist_owner B-playlist I-playlist I-playlist O
O O O O O B-artist I-artist B-music_item O B-playlist_owner B-playlist I-playlist I-playlist I-playlist O
O B-artist I-artist O B-playlist_owner B-playlist I-playlist O
O B-entity_name I-entity_name O B-playlist I-playlist
O O B-music_item O B-playlist_owner B-playlist I-playlist O
O B-entity_name I-entity_name I-entity_name O B-playlist_owner B-playlist I-playlist I-playlist O
O B-artist I-artist O B-playlist I-playlist I-playlist I-playlist
O B-entity_name I-entity_name I-entity_name I-entity_name I-entity_name O B-playlist_owner O O B-playlist I-playlist I-playlist I-playlist
O B-entity_name I-entity_name O B-playlist
O O O O O B-restaurant_type O B-state O B-timeRange I-timeRange I-timeRange I-timeRange I-timeRange I-timeRange I-timeRange
O O O O B-timeRange O B-state O O B-restaurant_name I-restaurant_name I-restaurant_name
O O O O O O O B-state
O O O O B-party_size_number O O
O O B-restaurant_type O O B-restaurant_type B-spatial_relation B-poi I-poi O O B-served_dish O B-party_size_description I-party_size_description I-party_size_description I-party_size_description
O O O O O B-party_size_number O O B-restaurant_type O O B-facility O B-timeRange I-timeRange O B-city B-state
O O O O B-party_size_number O O B-restaurant_type O O B-served_dish O B-state B-timeRange I-timeRange I-timeRange I-timeRange I-timeRange I-timeRange O B-city
O O O B-spatial_relation O B-country
O O O O O O B-sort I-sort B-cuisine B-restaurant_type O B-state
O O O O O B-party_size_number O B-state
O O O O B-party_size_number O O B-restaurant_name I-restaurant_name I-restaurant_name I-restaurant_name O B-country
O O B-restaurant_type O B-timeRange I-timeRange O B-party_size_number
O O O O B-party_size_number O B-restaurant_name I-restaurant_name I-restaurant_name O B-city
O O B-restaurant_type O B-party_size_description I-party_size_description I-party_size_description O B-timeRange I-timeRange
O O O O B-party_size_number O B-restaurant_name I-restaurant_name I-restaurant_name
O O O B-restaurant_type O O B-country
O O O B-restaurant_type O O O B-party_size_number O B-city O O B-facility
O O O B-spatial_relation I-spatial_relation I-spatial_relation I-spatial_relation O B-restaurant_name I-restaurant_name I-restaurant_name I-restaurant_name O B-country
O O O O B-restaurant_name I-restaurant_name I-restaurant_name O O O O B-party_size_number O B-state
O O O O O O O B-facility I-facility O O B-restaurant_type O B-timeRange I-timeRange I-timeRange
O O B-served_dish O B-restaurant_type I-restaurant_type O B-city
O O B-timeRange I-timeRange O B-state O B-party_size_number
O O O O B-party_size_number O O B-sort B-cuisine B-restaurant_type O B-country
O O B-sort B-cuisine I-cuisine B-restaurant_type O B-party_size_number O O B-timeRange I-timeRange I-timeRange O B-city B-state
O O O O O O O B-restaurant_type O B-state O B-timeRange I-timeRange I-timeRange I-timeRange
O O O O O B-restaurant_type O B-party_size_number O O B-timeRange B-restaurant_name I-restaurant_name
O O O O O B-party_size_number O O B-city O B-timeRange I-timeRange I-timeRange
O O O O B-party_size_number O O O O O B-city B-state
O O O O O O O O O O B-party_size_number O O B-restaurant_type B-timeRange I-timeRange
O O O O B-party_size_number O B-restaurant_name I-restaurant_name I-restaurant_name
O O O O O O O B-party_size_number O B-state
O O O B-restaurant_type O O B-facility I-facility O B-city O
O O O O B-restaurant_type O B-city I-city
O O B-restaurant_name I-restaurant_name O B-country O B-party_size_number O
O O O O O B-party_size_number O O O B-sort I-sort B-restaurant_type O B-country
O O O O B-timeRange O O B-restaurant_type O B-party_size_number O
O O O O O B-restaurant_type O B-state
O O B-restaurant_type O B-city O B-timeRange I-timeRange I-timeRange O B-party_size_number O
O O O O B-city B-state
O O O O O O O B-country O B-timeRange I-timeRange
O O B-condition_description O B-state I-state
O O O O B-spatial_relation I-spatial_relation O B-current_location I-current_location
O O O O O B-spatial_relation I-spatial_relation I-spatial_relation I-spatial_relation O B-state B-timeRange I-timeRange I-timeRange
O O O O O O B-spatial_relation O O B-city I-city
O O O B-condition_description O B-timeRange I-timeRange I-timeRange O B-state
O O O O B-condition_description O B-state
O O O B-condition_description O O B-city I-city
O O O O O O B-city I-city
O O O O O O B-city O B-timeRange I-timeRange I-timeRange
O O O B-condition_description B-spatial_relation I-spatial_relation O B-country O B-timeRange I-timeRange
O O O O O O O B-city
O O O O O O O O O O B-city B-state O B-timeRange I-timeRange I-timeRange I-timeRange
O O O O O O B-city I-city I-city B-state
O O O O O O B-city B-country B-timeRange I-timeRange I-timeRange I-timeRange
O O B-condition_temperature O B-country O B-timeRange
O O O B-condition_temperature B-timeRange I-timeRange I-timeRange I-timeRange O B-state
O O O O O B-timeRange I-timeRange I-timeRange I-timeRange O B-country
O O O O O O B-city I-city
O O O B-condition_temperature O O B-city B-country
O O O O O B-condition_description O B-state O B-timeRange I-timeRange I-timeRange I-timeRange
O O O O O O O O O B-city I-city
O O O O O O B-current_location I-current_location O B-timeRange I-timeRange I-timeRange
O O O O O O B-city B-state
O O O O O O O B-timeRange I-timeRange I-timeRange O B-geographic_poi I-geographic_poi I-geographic_poi I-geographic_poi
O O O B-current_location I-current_location O
O O O O O B-country I-country O B-spatial_relation I-spatial_relation I-spatial_relation I-spatial_relation B-timeRange I-timeRange I-timeRange I-timeRange
O O O B-condition_temperature O B-city
O O B-timeRange I-timeRange I-timeRange O B-country
O O O O O O B-current_location I-current_location
O O O O O B-city B-country
O O O B-condition_temperature O B-country O B-timeRange I-timeRange
O O O O B-city
O O O O O O B-state I-state O B-timeRange I-timeRange
O O O O O O B-geographic_poi I-geographic_poi I-geographic_poi I-geographic_poi I-geographic_poi I-geographic_poi
O O O O O O O B-condition_description O B-geographic_poi I-geographic_poi I-geographic_poi I-geographic_poi
O O O O O B-condition_description B-current_location O B-timeRange I-timeRange
O O B-sort B-music_item O B-year
O O B-music_item O B-artist
O O B-music_item O B-artist I-artist
O O O O B-genre I-genre O B-service
O O O B-playlist I-playlist
O O B-sort O O B-artist I-artist
O O O B-year
O O B-artist I-artist I-artist B-music_item O B-service I-service
O B-genre O O B-service I-service
O O O O O O B-artist I-artist O B-year O B-service
O O B-genre O
O O B-year B-music_item I-music_item O B-service
O B-track I-track O B-artist I-artist O B-service I-service
O B-artist I-artist B-music_item O O B-year
O B-album I-album I-album O B-service
O O B-music_item O B-year
O B-genre O
O O B-sort B-music_item O O B-artist I-artist
O O B-music_item B-album I-album
O B-playlist I-playlist O B-service
O B-track I-track I-track O B-artist I-artist
O O B-year B-music_item
O B-year O
O B-playlist I-playlist
O O O B-playlist O
O O B-music_item B-track O B-artist I-artist O B-service
O B-music_item I-music_item O O O B-year
O B-artist I-artist
O O B-genre I-genre
O O B-music_item B-track I-track I-track I-track
O O O O O B-track B-music_item O B-service O B-artist I-artist
O O O O O O B-artist I-artist O O B-year O B-service
O O B-playlist I-playlist I-playlist B-music_item O B-service
O B-artist I-artist O O
O B-service I-service O O O O O B-year
O O O B-artist I-artist O B-sort B-music_item O B-service
O O O B-music_item O B-artist I-artist O B-service I-service
O O O B-genre O
O B-artist I-artist O B-service O O B-track I-track I-track
O O O O B-object_name I-object_name I-object_name I-object_name B-object_part_of_series_type O O O B-rating_value
O B-object_name I-object_name B-rating_value O O B-best_rating B-rating_unit
O B-object_name I-object_name I-object_name I-object_name I-object_name O B-rating_value
O O B-object_select B-object_type B-rating_value B-rating_unit
O O B-object_select B-object_type B-rating_value O B-best_rating B-rating_unit
O O O O B-object_name I-object_name I-object_name B-rating_value O B-best_rating
O O B-object_select B-object_type B-rating_value B-rating_unit
O B-object_select B-object_type B-rating_value O B-best_rating
B-object_select B-object_type O B-rating_value B-rating_unit
O O O B-rating_value O O B-best_rating O B-object_name I-object_name I-object_name I-object_name
O O B-object_select B-object_type O O B-rating_value O B-best_rating B-rating_unit
O B-object_select B-object_type B-rating_value B-rating_unit
O B-object_select B-object_part_of_series_type O O B-rating_value O
B-object_name I-object_name I-object_name O B-rating_value O O B-best_rating
O O B-object_select B-object_part_of_series_type B-rating_value B-rating_unit
O O O B-object_name I-object_name I-object_name I-object_name I-object_name I-object_name O B-rating_value O
O B-object_name I-object_name I-object_name I-object_name I-object_name I-object_name B-rating_value O O B-best_rating B-rating_unit
O B-object_name I-object_name I-object_name B-rating_value B-rating_unit O O B-best_rating
O B-object_select B-object_part_of_series_type O B-rating_value
O B-object_select B-object_type B-rating_value B-rating_unit
B-object_name I-object_name O O B-rating_value O B-best_rating
B-object_select B-object_type O B-rating_value O O B-best_rating B-rating_unit
O O O B-object_select B-object_type O B-rating_value
O O B-object_name I-object_name I-object_name O O O B-rating_value
O O B-object_select B-object_type B-rating_value O B-best_rating B-rating_unit
O B-rating_value O O B-object_name I-object_name I-object_name I-object_name I-object_name I-object_name
O O B-object_name I-object_name I-object_name I-object_name I-object_name I-object_name I-object_name I-object_name O O O B-rating_value
O O B-object_select B-object_type B-rating_value O O B-best_rating
O B-object_name I-object_name I-object_name O B-rating_value
O B-rating_value O O B-best_rating O B-object_select B-object_type
O B-object_name I-object_name I-object_name I-object_name I-object_name O B-rating_value
O B-object_select B-object_part_of_series_type B-rating_value O O B-best_rating B-rating_unit
O B-rating_value B-rating_unit O O B-best_rating O B-object_select B-object_type
O B-object_select B-object_type O O O O O O B-rating_value O O O O O B-best_rating
O O B-object_name I-object_name I-object_name I-object_name O B-rating_value
O O O O O B-object_select B-object_type O B-rating_value
O B-object_select B-object_type O O B-rating_value B-rating_unit
O O B-object_name I-object_name I-object_name B-object_part_of_series_type O B-rating_value O B-best_rating
O O B-object_type O B-object_name I-object_name I-object_name
O O O O O B-object_name I-object_name I-object_name I-object_name I-object_name I-object_name I-object_name I-object_name I-object_name I-object_name
O O O O O B-object_type B-object_name I-object_name I-object_name I-object_name I-object_name I-object_name I-object_name
O O O B-object_name I-object_name
O O O B-object_type B-object_name I-object_name I-object_name I-object_name I-object_name I-object_name I-object_name I-object_name I-object_name I-object_name I-object_name I-object_name I-object_name I-object_name I-object_name I-object_name I-object_name I-object_name I-object_name I-object_name
O O O O O B-object_name I-object_name I-object_name I-object_name I-object_name B-object_type I-object_type
O O O O O O B-object_type B-object_name I-object_name I-object_name I-object_name I-object_name
O O O B-object_name I-object_name I-object_name B-object_type I-object_type
O O B-object_name
O O O B-object_type B-object_name I-object_name I-object_name I-object_name I-object_name
O O O B-object_type O B-object_name I-object_name I-object_name
O O O O O B-object_type I-object_type B-object_name I-object_name I-object_name I-object_name I-object_name
O O O B-object_type I-object_type O B-object_name I-object_name
O B-object_name I-object_name
O O O B-object_name
O B-object_name
O O O B-object_type O B-object_name I-object_name I-object_name
O B-object_name
O O B-object_name I-object_name I-object_name I-object_name I-object_name I-object_name I-object_name B-object_type I-object_type
O O B-object_name I-object_name I-object_name I-object_name I-object_name B-object_type
O B-object_type O O B-object_name I-object_name I-object_name I-object_name
O O O O O O B-object_name I-object_name B-object_type
O O O B-object_name I-object_name I-object_name I-object_name I-object_name I-object_name I-object_name I-object_name
O O O B-object_type B-object_name I-object_name I-object_name
O O B-object_name I-object_name I-object_name I-object_name I-object_name I-object_name I-object_name I-object_name I-object_name B-object_type I-object_type
O O O O B-object_type B-object_name I-object_name
O O O O O B-object_type O B-object_name I-object_name O O
O O O B-object_type O B-object_name I-object_name I-object_name I-object_name
O O O O B-object_name I-object_name I-object_name I-object_name
O O O O B-object_type O O B-object_name I-object_name I-object_name
O O B-object_type B-object_name I-object_name I-object_name
O O O B-object_type O B-object_name I-object_name
O B-object_name I-object_name I-object_name I-object_name I-object_name I-object_name I-object_name
O O B-object_type B-object_name I-object_name I-object_name I-object_name I-object_name I-object_name I-object_name I-object_name
B-object_type O O B-object_name I-object_name I-object_name I-object_name
O O O B-object_type B-object_name
O O O O O B-object_type B-object_name I-object_name I-object_name
O O O B-movie_name I-movie_name O O B-location_name I-location_name I-location_name
O B-object_type I-object_type O B-location_name I-location_name I-location_name
O O B-location_name I-location_name B-object_type I-object_type
O B-object_type I-object_type
O O O B-movie_type O O B-location_name I-location_name
O B-movie_name I-movie_name O O O B-object_location_type I-object_location_type
O O O B-object_type I-object_type O B-location_name I-location_name
O O B-object_type O O B-spatial_relation B-movie_type O O B-object_location_type O B-timeRange O
O O B-spatial_relation B-object_location_type I-object_location_type O O O B-movie_type
O O O O O B-movie_name I-movie_name I-movie_name
O O B-movie_name I-movie_name O O B-location_name I-location_name B-timeRange I-timeRange I-timeRange
O B-object_type I-object_type O B-location_name I-location_name I-location_name
O O B-spatial_relation B-object_type I-object_type O B-movie_type
O O O B-spatial_relation B-timeRange I-timeRange I-timeRange O O O B-object_location_type I-object_location_type O O B-movie_type I-movie_type
O B-movie_name I-movie_name I-movie_name I-movie_name I-movie_name
O O B-movie_name I-movie_name I-movie_name O O B-location_name I-location_name I-location_name
O O O O O B-object_type I-object_type O
O O O O B-movie_name I-movie_name I-movie_name I-movie_name
O O O O B-timeRange O B-movie_type B-spatial_relation I-spatial_relation I-spatial_relation
O O O O O O B-movie_name I-movie_name I-movie_name I-movie_name O O O O O B-object_location_type
O O B-object_type O O B-movie_name I-movie_name I-movie_name I-movie_name I-movie_name O B-location_name I-location_name
O O O B-object_type I-object_type O B-location_name I-location_name I-location_name
O O O B-spatial_relation B-object_location_type I-object_location_type O O O B-movie_name I-movie_name I-movie_name I-movie_name I-movie_name
O O B-movie_name I-movie_name I-movie_name O O O O B-object_location_type
O O B-object_location_type I-object_location_type O B-movie_type I-movie_type O O B-spatial_relation O O
O O B-object_type I-object_type
O O B-spatial_relation B-object_location_type O B-movie_type
O O O O B-object_type I-object_type O B-timeRange I-timeRange O B-location_name I-location_name
O B-movie_type O O O O B-spatial_relation B-object_location_type I-object_location_type
O O B-object_type I-object_type O B-location_name I-location_name I-location_name O
O B-movie_type I-movie_type O O B-timeRange I-timeRange I-timeRange O O B-spatial_relation B-object_location_type I-object_location_type
O O O B-spatial_relation B-object_location_type O B-movie_name I-movie_name
O O B-movie_type I-movie_type O B-location_name I-location_name
O B-movie_name I-movie_name I-movie_name I-movie_name I-movie_name O O B-timeRange I-timeRange I-timeRange O B-location_name I-location_name
O O O B-spatial_relation B-object_location_type I-object_location_type O B-movie_name I-movie_name I-movie_name I-movie_name I-movie_name
O O B-object_type I-object_type O B-location_name I-location_name
O O O O B-spatial_relation B-object_location_type I-object_location_type O O B-movie_name I-movie_name I-movie_name
O O B-object_location_type I-object_location_type O B-movie_name I-movie_name I-movie_name I-movie_name
