O O O B-reminder/todo I-reminder/todo I-reminder/todo
O O B-reminder/noun B-datetime I-datetime I-datetime
O O O B-reminder/todo I-reminder/todo B-datetime I-datetime I-datetime I-datetime
O O O B-reminder/todo I-reminder/todo I-reminder/todo
O O O B-reminder/todo I-reminder/todo B-datetime O
O O O O B-reminder/todo B-datetime
O O O B-reminder/todo I-reminder/todo I-reminder/todo I-reminder/todo B-datetime I-datetime I-datetime I-datetime I-datetime
O O O O O O B-reminder/todo I-reminder/todo I-reminder/todo I-reminder/todo
O O O B-reminder/todo I-reminder/todo I-reminder/todo I-reminder/todo I-reminder/todo I-reminder/todo I-reminder/todo
O O B-datetime I-datetime I-datetime I-datetime I-datetime I-datetime I-datetime I-datetime
O O B-reminder/noun B-datetime I-datetime O B-reminder/todo I-reminder/todo I-reminder/todo
O O O B-reminder/todo I-reminder/todo I-reminder/todo I-reminder/todo I-reminder/todo I-reminder/todo I-reminder/todo O O O O
O O O O B-reminder/todo I-reminder/todo I-reminder/todo B-datetime O B-datetime I-datetime I-datetime O
O O O B-reminder/todo I-reminder/todo I-reminder/todo I-reminder/todo I-reminder/todo B-datetime O
O O B-reminder/todo I-reminder/todo I-reminder/todo I-reminder/todo I-reminder/todo B-datetime I-datetime I-datetime I-datetime I-datetime
O O O B-reminder/todo I-reminder/todo
O O B-reminder/noun O B-reminder/recurring_period B-reminder/todo
O B-reminder/noun O O O B-reminder/todo I-reminder/todo B-datetime
O O O O B-reminder/todo I-reminder/todo I-reminder/todo I-reminder/todo
B-reminder/noun O O B-reminder/todo I-reminder/todo I-reminder/todo I-reminder/todo I-reminder/todo O
B-datetime I-datetime O O O B-reminder/todo I-reminder/todo I-reminder/todo I-reminder/todo
O O O B-reminder/todo I-reminder/todo I-reminder/todo I-reminder/todo
O B-reminder/noun O B-reminder/todo
O B-reminder/noun B-datetime I-datetime I-datetime I-datetime
O O O B-reminder/todo I-reminder/todo I-reminder/todo I-reminder/todo I-reminder/todo
O O O B-reminder/todo I-reminder/todo I-reminder/todo I-reminder/todo B-datetime I-datetime I-datetime I-datetime
O O O B-reminder/todo I-reminder/todo I-reminder/todo I-reminder/todo B-datetime
O O O B-reminder/todo I-reminder/todo I-reminder/todo I-reminder/todo I-reminder/todo I-reminder/todo B-datetime I-datetime I-datetime O
O O B-datetime I-datetime O B-reminder/todo I-reminder/todo I-reminder/todo
O O O B-reminder/todo I-reminder/todo I-reminder/todo I-reminder/todo I-reminder/todo
O O O B-reminder/todo I-reminder/todo B-datetime I-datetime I-datetime
B-reminder/noun O O B-reminder/todo I-reminder/todo B-datetime I-datetime
O O O B-reminder/todo I-reminder/todo I-reminder/todo I-reminder/todo B-datetime
O O O B-reminder/todo I-reminder/todo I-reminder/todo
O O O B-reminder/todo I-reminder/todo B-datetime I-datetime I-datetime
O O B-datetime I-datetime I-datetime I-datetime O B-reminder/todo I-reminder/todo I-reminder/todo I-reminder/todo I-reminder/todo
O O O B-reminder/todo I-reminder/todo I-reminder/todo B-reminder/recurring_period I-reminder/recurring_period I-reminder/recurring_period
O O O B-reminder/todo I-reminder/todo B-datetime I-datetime O
O O O B-reminder/todo I-reminder/todo I-reminder/todo I-reminder/todo I-reminder/todo I-reminder/todo I-reminder/todo I-reminder/todo I-reminder/todo O
O O O B-reminder/todo I-reminder/todo I-reminder/todo I-reminder/todo I-reminder/todo I-reminder/todo B-datetime I-datetime I-datetime
O O B-reminder/recurring_period B-reminder/noun O B-reminder/todo I-reminder/todo I-reminder/todo
O O O B-reminder/todo I-reminder/todo I-reminder/todo B-datetime I-datetime I-datetime I-datetime
O O B-reminder/noun O B-reminder/todo I-reminder/todo I-reminder/todo I-reminder/todo I-reminder/todo B-datetime I-datetime I-datetime
O O O B-reminder/todo I-reminder/todo
O O O O B-reminder/todo I-reminder/todo I-reminder/todo B-datetime I-datetime
O O O B-reminder/todo I-reminder/todo I-reminder/todo I-reminder/todo I-reminder/todo B-datetime
B-reminder/noun O B-datetime I-datetime O B-reminder/todo I-reminder/todo I-reminder/todo I-reminder/todo O
O O O B-reminder/todo I-reminder/todo I-reminder/todo I-reminder/todo I-reminder/todo B-datetime I-datetime I-datetime I-datetime I-datetime I-datetime
O O B-datetime I-datetime O B-reminder/todo I-reminder/todo I-reminder/todo
B-reminder/noun O O B-reminder/todo I-reminder/todo I-reminder/todo I-reminder/todo I-reminder/todo I-reminder/todo
O B-reminder/todo B-reminder/noun B-datetime I-datetime I-datetime I-datetime
O O O B-reminder/todo I-reminder/todo I-reminder/todo
O O O B-reminder/todo I-reminder/todo B-datetime I-datetime
O O O O B-reminder/todo I-reminder/todo I-reminder/todo O
O O O B-reminder/todo B-datetime I-datetime I-datetime
O O O O O B-reminder/noun I-reminder/noun I-reminder/noun I-reminder/noun B-datetime
O O B-reminder/recurring_period B-reminder/noun O B-reminder/todo I-reminder/todo I-reminder/todo
O O B-reminder/noun O B-reminder/todo I-reminder/todo O
O O O B-reminder/todo I-reminder/todo I-reminder/todo O
O O O O B-reminder/todo I-reminder/todo I-reminder/todo I-reminder/todo I-reminder/todo B-datetime O
O B-reminder/todo I-reminder/todo B-datetime I-datetime I-datetime
O O B-datetime I-datetime I-datetime O B-reminder/todo I-reminder/todo O
O O B-reminder/noun I-reminder/noun O O B-reminder/todo I-reminder/todo
O O O B-reminder/todo I-reminder/todo I-reminder/todo I-reminder/todo
O O O B-reminder/todo I-reminder/todo I-reminder/todo B-datetime I-datetime I-datetime I-datetime
O O B-reminder/noun O O O O B-reminder/todo I-reminder/todo I-reminder/todo I-reminder/todo I-reminder/todo B-datetime I-datetime
O B-reminder/noun B-datetime I-datetime B-reminder/todo I-reminder/todo I-reminder/todo I-reminder/todo
O O O B-reminder/todo I-reminder/todo I-reminder/todo I-reminder/todo
O O O B-reminder/todo I-reminder/todo I-reminder/todo B-datetime O O
O B-reminder/noun O B-reminder/todo I-reminder/todo I-reminder/todo I-reminder/todo O B-reminder/recurring_period I-reminder/recurring_period I-reminder/recurring_period O
O O O O O O B-reminder/todo I-reminder/todo I-reminder/todo
O O O B-reminder/todo I-reminder/todo B-datetime I-datetime I-datetime
O O O B-reminder/todo I-reminder/todo I-reminder/todo I-reminder/todo I-reminder/todo I-reminder/todo
O B-reminder/noun O B-reminder/todo I-reminder/todo B-reminder/recurring_period I-reminder/recurring_period I-reminder/recurring_period I-reminder/recurring_period
O B-reminder/noun O B-reminder/todo I-reminder/todo B-datetime I-datetime I-datetime I-datetime
B-datetime I-datetime I-datetime O O O B-reminder/todo I-reminder/todo I-reminder/todo O
O O O B-reminder/todo I-reminder/todo I-reminder/todo I-reminder/todo I-reminder/todo I-reminder/todo I-reminder/todo I-reminder/todo
O O B-reminder/noun O B-reminder/todo I-reminder/todo I-reminder/todo I-reminder/todo I-reminder/todo I-reminder/todo I-reminder/todo
B-reminder/noun O B-reminder/todo I-reminder/todo B-datetime I-datetime I-datetime
O O O B-reminder/todo I-reminder/todo I-reminder/todo I-reminder/todo B-datetime I-datetime I-datetime I-datetime I-datetime I-datetime
O B-reminder/noun O B-reminder/todo I-reminder/todo I-reminder/todo B-datetime I-datetime I-datetime O
O O O O O O B-reminder/todo I-reminder/todo I-reminder/todo
O B-reminder/noun B-datetime I-datetime I-datetime I-datetime
O O O B-reminder/todo I-reminder/todo I-reminder/todo I-reminder/todo
O O O B-reminder/todo I-reminder/todo I-reminder/todo B-datetime I-datetime I-datetime
O O O B-reminder/todo I-reminder/todo I-reminder/todo B-datetime I-datetime
O O O B-reminder/todo I-reminder/todo I-reminder/todo B-datetime O O O
O O O B-reminder/todo I-reminder/todo I-reminder/todo I-reminder/todo B-datetime I-datetime I-datetime I-datetime
O O O O O O B-reminder/todo B-datetime I-datetime
O O O B-reminder/todo I-reminder/todo I-reminder/todo I-reminder/todo I-reminder/todo I-reminder/todo I-reminder/todo I-reminder/todo I-reminder/todo I-reminder/todo
O O O B-reminder/todo I-reminder/todo I-reminder/todo B-datetime I-datetime I-datetime
O B-reminder/noun B-datetime I-datetime I-datetime I-datetime I-datetime
O O O B-reminder/todo I-reminder/todo I-reminder/todo B-datetime I-datetime I-datetime I-datetime O
O O B-reminder/noun O B-reminder/todo B-datetime I-datetime I-datetime I-datetime I-datetime I-datetime O O O O O O O O O O O O O
O O O B-reminder/todo I-reminder/todo I-reminder/todo I-reminder/todo I-reminder/todo B-datetime O
O O B-reminder/noun B-datetime I-datetime O
O O B-reminder/noun B-datetime I-datetime
O B-reminder/noun
O O B-reminder/noun O O O
O O B-reminder/todo I-reminder/todo B-reminder/noun
O O B-reminder/noun O B-reminder/todo I-reminder/todo I-reminder/todo
O O O B-reminder/noun O
O O B-reminder/noun B-datetime I-datetime I-datetime
O O B-reminder/todo I-reminder/todo B-reminder/noun O
O O B-reminder/noun B-datetime I-datetime O
O O O B-reminder/noun O
O O B-reminder/noun O B-reminder/todo I-reminder/todo I-reminder/todo O
O O B-reminder/noun O O B-datetime I-datetime
O O B-reminder/noun B-datetime I-datetime
O B-reminder/todo B-reminder/noun
O B-reminder/noun O B-reminder/todo I-reminder/todo I-reminder/todo
O O B-reminder/noun O B-reminder/todo I-reminder/todo I-reminder/todo
O O B-reminder/noun O B-reminder/todo I-reminder/todo
O O B-reminder/noun B-datetime I-datetime
O B-reminder/todo B-reminder/noun
O O B-reminder/noun
O O B-reminder/noun O B-reminder/todo I-reminder/todo I-reminder/todo I-reminder/todo
O O B-reminder/noun O B-reminder/todo I-reminder/todo
O B-reminder/noun O B-reminder/todo I-reminder/todo
O B-reminder/reference B-reminder/noun
O B-reminder/noun O B-reminder/reference O O
O O O O B-reminder/reference B-reminder/noun O
O O O B-reminder/noun B-datetime I-datetime
O B-reminder/noun B-datetime I-datetime
O O B-reminder/noun
O O O O B-reminder/todo I-reminder/todo B-datetime I-datetime I-datetime
O B-reminder/noun B-datetime I-datetime
O O O O O B-reminder/noun B-datetime I-datetime I-datetime O
O O B-datetime B-reminder/noun
O O B-reminder/reference B-reminder/noun O
O O O B-reminder/noun B-datetime I-datetime
O B-reminder/noun O O
O O B-reminder/noun B-datetime I-datetime
O O O B-reminder/noun B-datetime I-datetime I-datetime O
O O O O B-reminder/noun O O O
O O B-reminder/noun B-datetime I-datetime
O O O O B-reminder/noun O
O O O O B-reminder/noun O B-datetime I-datetime
O O O B-reminder/noun B-datetime I-datetime
O O B-reminder/noun B-datetime I-datetime O
