O O O B-datetime I-datetime I-datetime I-datetime
O O O O O O B-datetime I-datetime I-datetime
O O O B-datetime I-datetime I-datetime O O O
O O O B-datetime I-datetime I-datetime I-datetime
O O B-datetime I-datetime I-datetime I-datetime
O O O B-datetime I-datetime I-datetime I-datetime I-datetime
O O O B-datetime I-datetime I-datetime I-datetime I-datetime
O O B-datetime I-datetime I-datetime I-datetime O O
O O B-datetime I-datetime I-datetime I-datetime I-datetime I-datetime
O O O B-datetime I-datetime
O O O O B-datetime I-datetime I-datetime O B-datetime O O O O O O O O O B-datetime I-datetime I-datetime O
O O O B-datetime I-datetime I-datetime I-datetime I-datetime O
O O O B-datetime I-datetime I-datetime I-datetime O O
O O B-datetime I-datetime I-datetime I-datetime O
O O B-datetime I-datetime I-datetime
O O B-datetime I-datetime I-datetime I-datetime I-datetime
O O B-datetime I-datetime I-datetime
O O B-datetime I-datetime I-datetime
O O O B-datetime I-datetime I-datetime I-datetime I-datetime I-datetime
O O B-datetime I-datetime O
O O B-datetime I-datetime I-datetime I-datetime I-datetime I-datetime
O O O B-datetime I-datetime I-datetime O B-datetime
O O O O B-datetime I-datetime I-datetime I-datetime I-datetime I-datetime O
O O B-datetime I-datetime I-datetime I-datetime I-datetime
O O O O O O O O B-datetime I-datetime I-datetime O
O O B-datetime I-datetime I-datetime I-datetime I-datetime I-datetime
O O B-datetime I-datetime I-datetime I-datetime
O O O B-datetime I-datetime I-datetime I-datetime I-datetime I-datetime
O O O B-datetime I-datetime I-datetime
B-datetime O O O
O O O O O O O B-datetime I-datetime I-datetime I-datetime
O O O O B-datetime I-datetime I-datetime I-datetime I-datetime I-datetime I-datetime
O O O B-datetime I-datetime I-datetime
O O B-datetime I-datetime I-datetime I-datetime O
O O B-datetime I-datetime I-datetime I-datetime
O O O O B-datetime I-datetime I-datetime I-datetime
O O B-datetime I-datetime I-datetime
O O O B-datetime I-datetime I-datetime O
O O B-datetime I-datetime I-datetime
O O O B-datetime I-datetime I-datetime I-datetime I-datetime I-datetime O
O O B-datetime I-datetime I-datetime I-datetime I-datetime
O O O B-datetime I-datetime I-datetime I-datetime I-datetime I-datetime O
O O B-datetime I-datetime I-datetime I-datetime I-datetime I-datetime
O O O O O O B-datetime I-datetime I-datetime I-datetime I-datetime I-datetime O
O O O B-datetime I-datetime I-datetime I-datetime I-datetime
O O O O O O B-datetime I-datetime I-datetime O
O O B-datetime I-datetime O B-datetime O
O O O O O O O O O O B-datetime I-datetime
O O O O B-datetime I-datetime I-datetime
O O O O O O B-datetime I-datetime I-datetime I-datetime I-datetime I-datetime O
O O O B-datetime I-datetime I-datetime I-datetime O
O O O O O B-datetime I-datetime I-datetime O
O O O O O O
O O O O B-datetime I-datetime I-datetime
O O B-datetime I-datetime I-datetime I-datetime I-datetime
O O O B-datetime I-datetime I-datetime I-datetime I-datetime I-datetime I-datetime
O O O O O O B-datetime I-datetime I-datetime
O O O B-datetime I-datetime I-datetime I-datetime I-datetime
O O O O O O B-datetime I-datetime I-datetime I-datetime I-datetime I-datetime I-datetime O O O
O O B-datetime I-datetime I-datetime
O O O O
O O O O O
O O B-datetime O B-datetime I-datetime
O O O O B-datetime I-datetime I-datetime
O O B-datetime I-datetime I-datetime I-datetime I-datetime
O O B-datetime I-datetime
O O O O O B-datetime I-datetime I-datetime I-datetime I-datetime I-datetime I-datetime
O O O B-datetime I-datetime I-datetime
O O O B-datetime I-datetime I-datetime I-datetime I-datetime I-datetime
O O O O O O B-datetime I-datetime I-datetime I-datetime I-datetime I-datetime I-datetime O
O O O B-datetime I-datetime I-datetime I-datetime I-datetime
O O B-datetime I-datetime I-datetime I-datetime O
O O O O O O O B-datetime I-datetime I-datetime O
O O B-datetime I-datetime I-datetime I-datetime I-datetime
O O B-datetime I-datetime I-datetime I-datetime
O O O O B-datetime I-datetime I-datetime I-datetime I-datetime
O O O B-datetime I-datetime I-datetime I-datetime I-datetime I-datetime I-datetime
O O B-datetime I-datetime I-datetime
O O O O
O O O O O B-datetime I-datetime I-datetime I-datetime I-datetime I-datetime I-datetime
O O B-datetime I-datetime I-datetime I-datetime I-datetime I-datetime I-datetime
O O O B-datetime I-datetime
O O O B-datetime I-datetime I-datetime O O O
O O O B-datetime I-datetime I-datetime
O O B-datetime I-datetime I-datetime
O O O B-datetime I-datetime I-datetime O
O O O B-datetime I-datetime I-datetime O O
O O B-datetime I-datetime I-datetime I-datetime I-datetime O
O O B-datetime I-datetime I-datetime I-datetime I-datetime O
O O B-datetime I-datetime I-datetime I-datetime I-datetime I-datetime I-datetime
O B-datetime I-datetime I-datetime
O O B-datetime I-datetime
O O O B-datetime I-datetime I-datetime I-datetime I-datetime
O O O B-datetime I-datetime I-datetime I-datetime I-datetime
O O O O B-datetime I-datetime I-datetime O
O O B-datetime I-datetime I-datetime
O O O O O O B-datetime I-datetime I-datetime
O O B-datetime I-datetime I-datetime I-datetime
O O O B-datetime I-datetime
O O O O O B-datetime I-datetime I-datetime
O O B-datetime I-datetime I-datetime I-datetime I-datetime
O O O B-datetime
O O O O B-datetime I-datetime
O O B-datetime I-datetime I-datetime I-datetime I-datetime I-datetime I-datetime I-datetime
O O B-datetime I-datetime I-datetime I-datetime I-datetime
O O B-datetime I-datetime I-datetime I-datetime I-datetime I-datetime I-datetime I-datetime I-datetime O
O O O B-datetime I-datetime O
O O B-datetime I-datetime I-datetime O O O O
O O B-datetime O B-datetime I-datetime O
O O O B-datetime I-datetime I-datetime I-datetime I-datetime I-datetime
O O O B-datetime I-datetime I-datetime
O O B-datetime I-datetime I-datetime O B-datetime I-datetime
O O O B-datetime I-datetime I-datetime O O O
O O B-datetime I-datetime I-datetime I-datetime I-datetime I-datetime I-datetime
O O B-datetime I-datetime I-datetime I-datetime I-datetime
O O O B-datetime I-datetime I-datetime I-datetime I-datetime
O O O O O O O
O O O O B-datetime I-datetime I-datetime
O O B-datetime I-datetime I-datetime I-datetime I-datetime
O O O O O B-datetime I-datetime I-datetime
O O B-datetime I-datetime I-datetime
O O O O B-datetime I-datetime I-datetime I-datetime
O O O B-datetime I-datetime
O O B-datetime I-datetime I-datetime I-datetime I-datetime I-datetime
O O B-datetime I-datetime I-datetime I-datetime O
O O B-datetime I-datetime I-datetime I-datetime I-datetime I-datetime I-datetime I-datetime I-datetime I-datetime I-datetime
O O O B-datetime I-datetime I-datetime I-datetime O B-datetime I-datetime I-datetime I-datetime
O O B-datetime I-datetime I-datetime I-datetime I-datetime I-datetime I-datetime I-datetime
O O B-datetime I-datetime I-datetime I-datetime I-datetime I-datetime
O O O B-datetime I-datetime I-datetime I-datetime I-datetime I-datetime
O O B-datetime I-datetime I-datetime
O O B-datetime I-datetime I-datetime
O O O B-datetime I-datetime I-datetime I-datetime I-datetime I-datetime I-datetime O
O O O B-datetime I-datetime I-datetime O O O O O
O B-datetime I-datetime I-datetime
O O O B-datetime I-datetime
O O O O
O O O O
O O O O O O B-datetime I-datetime I-datetime
O O B-datetime I-datetime I-datetime I-datetime I-datetime I-datetime
O O O O B-datetime I-datetime I-datetime O
O O O B-datetime I-datetime I-datetime I-datetime
O O O O O O B-datetime I-datetime I-datetime I-datetime
O O O O O O B-datetime I-datetime
O O O B-datetime I-datetime I-datetime
O O B-datetime I-datetime I-datetime I-datetime
O O O B-datetime I-datetime I-datetime O
O O B-datetime I-datetime O
O O O O O B-datetime I-datetime I-datetime I-datetime O
O O B-datetime I-datetime I-datetime I-datetime I-datetime I-datetime
O O B-datetime I-datetime I-datetime I-datetime I-datetime I-datetime I-datetime
O O O O O O O B-datetime I-datetime I-datetime O B-datetime O O O O O O O
O O B-datetime I-datetime I-datetime
O O O O O O O B-datetime I-datetime
O O O B-datetime I-datetime I-datetime I-datetime I-datetime I-datetime I-datetime I-datetime I-datetime I-datetime O
O O O O O B-datetime I-datetime I-datetime I-datetime I-datetime
O O B-datetime I-datetime I-datetime
O O B-datetime I-datetime I-datetime I-datetime I-datetime O
O O B-datetime I-datetime I-datetime
O O B-datetime I-datetime I-datetime I-datetime I-datetime
O O O O O B-datetime I-datetime I-datetime I-datetime O
O O B-datetime I-datetime I-datetime
O O O B-datetime I-datetime O B-datetime I-datetime O O
O O O O O O O O O B-datetime I-datetime I-datetime I-datetime I-datetime
O O O B-datetime I-datetime I-datetime I-datetime I-datetime
O O B-datetime I-datetime O B-datetime
O O B-datetime I-datetime I-datetime I-datetime I-datetime I-datetime I-datetime
O O O B-datetime I-datetime I-datetime
O O O B-datetime I-datetime I-datetime I-datetime I-datetime
O O O B-datetime I-datetime I-datetime O O O
O O O B-datetime I-datetime I-datetime
O O O O B-datetime I-datetime I-datetime I-datetime O O O
O O O B-datetime I-datetime I-datetime I-datetime I-datetime O
O O B-datetime I-datetime I-datetime I-datetime O
O O B-datetime I-datetime I-datetime I-datetime I-datetime I-datetime I-datetime I-datetime
O O O O O O O
O B-datetime I-datetime I-datetime
O O O B-datetime I-datetime I-datetime I-datetime I-datetime I-datetime
O O O O B-datetime I-datetime I-datetime I-datetime
O O O B-datetime I-datetime I-datetime I-datetime O
O O B-datetime I-datetime I-datetime I-datetime I-datetime I-datetime I-datetime I-datetime
O O O B-datetime I-datetime I-datetime I-datetime I-datetime
O O O B-datetime I-datetime I-datetime I-datetime I-datetime
O B-datetime I-datetime O O O O
O O O B-datetime I-datetime I-datetime I-datetime I-datetime
O B-datetime I-datetime I-datetime I-datetime I-datetime
O O O O O O O O
O O B-datetime I-datetime I-datetime I-datetime I-datetime I-datetime I-datetime
O O B-datetime I-datetime I-datetime I-datetime I-datetime
O O B-datetime I-datetime I-datetime I-datetime I-datetime
O O O B-datetime I-datetime I-datetime I-datetime O O
O O B-datetime I-datetime O B-datetime I-datetime
O O B-datetime I-datetime I-datetime I-datetime I-datetime
O O O B-datetime I-datetime I-datetime I-datetime I-datetime I-datetime I-datetime I-datetime I-datetime I-datetime
O O O B-datetime I-datetime O O B-datetime I-datetime I-datetime I-datetime I-datetime I-datetime O O B-datetime I-datetime I-datetime I-datetime I-datetime O
O O B-datetime I-datetime I-datetime
O O B-datetime I-datetime I-datetime
O O B-datetime I-datetime I-datetime I-datetime I-datetime O
O O O O O O B-datetime I-datetime I-datetime
O O O B-datetime I-datetime I-datetime I-datetime O
O O O O O B-datetime I-datetime I-datetime I-datetime I-datetime
O O O O B-datetime I-datetime I-datetime
O O O B-datetime I-datetime I-datetime I-datetime
O O O O O O O B-datetime I-datetime
O B-datetime O B-datetime I-datetime
O O O B-datetime I-datetime I-datetime I-datetime I-datetime
O O O O B-datetime I-datetime I-datetime
O O O O O B-datetime I-datetime I-datetime
O O B-datetime I-datetime I-datetime I-datetime I-datetime O
O O B-datetime I-datetime I-datetime I-datetime
O O B-datetime I-datetime I-datetime I-datetime
O O O O O
O O O O O O O O
O O O B-datetime I-datetime I-datetime I-datetime I-datetime
O O B-datetime I-datetime I-datetime I-datetime I-datetime
O O O O O
O O B-datetime I-datetime O
O O O O O B-datetime I-datetime I-datetime I-datetime I-datetime O
O O B-datetime I-datetime I-datetime I-datetime I-datetime I-datetime
O O B-datetime I-datetime I-datetime I-datetime
O O B-datetime I-datetime I-datetime I-datetime
O O B-datetime I-datetime I-datetime I-datetime I-datetime
O O B-datetime I-datetime I-datetime I-datetime
O O O B-datetime I-datetime I-datetime I-datetime I-datetime I-datetime
O O O O O
O O O O O B-datetime I-datetime I-datetime
O O O B-datetime I-datetime I-datetime I-datetime
O O O O O O B-datetime I-datetime I-datetime I-datetime
O O B-datetime I-datetime I-datetime O
O O O B-datetime I-datetime I-datetime O O
O O B-datetime I-datetime I-datetime O
O O O O
O O O B-datetime I-datetime I-datetime I-datetime I-datetime O B-datetime
O O O B-datetime I-datetime
O O O B-datetime I-datetime I-datetime I-datetime
O O B-datetime I-datetime I-datetime I-datetime I-datetime O
O O O B-datetime I-datetime
O O O O
O O O B-datetime I-datetime
O O B-datetime I-datetime I-datetime I-datetime I-datetime I-datetime I-datetime I-datetime
O O O B-datetime I-datetime
O O B-datetime I-datetime I-datetime I-datetime I-datetime
O O O B-datetime I-datetime I-datetime
O O O B-datetime I-datetime I-datetime I-datetime I-datetime I-datetime I-datetime
O O B-datetime I-datetime O O
O O B-datetime I-datetime I-datetime I-datetime
O O O O O B-datetime I-datetime
O O O B-datetime I-datetime I-datetime I-datetime I-datetime I-datetime I-datetime
O O O B-datetime I-datetime I-datetime O
O O B-datetime I-datetime I-datetime I-datetime O O O O O
O O O B-datetime I-datetime I-datetime I-datetime
O O O B-datetime I-datetime I-datetime
O O O B-datetime I-datetime I-datetime I-datetime I-datetime I-datetime I-datetime
O O O O B-datetime I-datetime I-datetime
O O B-datetime I-datetime I-datetime O
O O B-datetime I-datetime I-datetime I-datetime I-datetime I-datetime I-datetime
O O B-datetime I-datetime I-datetime I-datetime I-datetime I-datetime I-datetime
O O O B-datetime I-datetime
O O O O B-datetime I-datetime I-datetime I-datetime
O O O B-datetime I-datetime I-datetime
O O O B-datetime I-datetime I-datetime I-datetime I-datetime I-datetime I-datetime O
O O B-datetime I-datetime
O O O B-datetime I-datetime I-datetime
O O O O O B-datetime I-datetime I-datetime
O O B-datetime I-datetime I-datetime I-datetime I-datetime I-datetime
O O O B-datetime I-datetime I-datetime I-datetime I-datetime O
O O B-datetime I-datetime I-datetime I-datetime I-datetime
O O O B-datetime I-datetime O
O O B-datetime I-datetime I-datetime I-datetime I-datetime I-datetime
O O B-datetime I-datetime
O O O B-datetime I-datetime O O O O
O O B-datetime I-datetime I-datetime I-datetime
O O B-datetime I-datetime I-datetime O
O O O B-datetime I-datetime I-datetime I-datetime I-datetime
O O O B-datetime I-datetime O B-datetime I-datetime I-datetime
O O O B-datetime I-datetime
O O B-datetime I-datetime I-datetime I-datetime I-datetime O
O O O B-datetime I-datetime I-datetime I-datetime I-datetime O
O O B-datetime I-datetime I-datetime I-datetime I-datetime I-datetime
O O O B-datetime I-datetime I-datetime
O O B-datetime I-datetime I-datetime
O O B-datetime I-datetime I-datetime I-datetime
O O O B-datetime I-datetime I-datetime I-datetime O O O
O O B-datetime I-datetime I-datetime I-datetime I-datetime
O O B-datetime I-datetime I-datetime
O O O B-datetime I-datetime
O O B-datetime I-datetime I-datetime I-datetime I-datetime
O O O O B-datetime I-datetime I-datetime I-datetime
O O O B-datetime I-datetime I-datetime O
O O O B-datetime I-datetime I-datetime I-datetime I-datetime O
O O O B-datetime I-datetime I-datetime I-datetime I-datetime O
O O B-datetime I-datetime I-datetime I-datetime I-datetime I-datetime I-datetime
O O B-datetime I-datetime I-datetime I-datetime
O O O B-datetime I-datetime I-datetime I-datetime I-datetime I-datetime
O O O B-datetime I-datetime I-datetime
O O O O O O B-datetime I-datetime
O O O O B-datetime I-datetime I-datetime I-datetime O O O O O
O O B-datetime O B-datetime I-datetime I-datetime
O O O B-datetime I-datetime I-datetime
O O O B-datetime I-datetime I-datetime I-datetime I-datetime
O O O B-datetime I-datetime
O O B-datetime I-datetime I-datetime I-datetime I-datetime
O O O B-datetime I-datetime I-datetime O
O O O O B-datetime I-datetime I-datetime O O O
O O B-datetime I-datetime I-datetime I-datetime
O B-datetime O
O O O O O O O B-datetime I-datetime I-datetime O
O O B-datetime I-datetime I-datetime I-datetime
O O O B-datetime I-datetime I-datetime I-datetime
O O O O O B-datetime I-datetime I-datetime O
O O B-datetime I-datetime I-datetime I-datetime
O O O B-datetime I-datetime O O
O O O B-datetime I-datetime I-datetime I-datetime I-datetime
O O O B-datetime I-datetime I-datetime I-datetime
O O O B-datetime I-datetime I-datetime I-datetime I-datetime O
O O O B-datetime I-datetime
O O O O B-datetime I-datetime I-datetime I-datetime I-datetime
O O B-datetime I-datetime I-datetime I-datetime I-datetime
O O O B-datetime I-datetime I-datetime O
O O B-datetime I-datetime I-datetime I-datetime I-datetime
O O B-datetime I-datetime I-datetime
O O O B-datetime I-datetime I-datetime I-datetime O
O O B-datetime I-datetime I-datetime I-datetime
O O O B-datetime I-datetime I-datetime I-datetime
O O O O O O B-datetime I-datetime I-datetime O
O O B-datetime I-datetime I-datetime I-datetime
O O O O O
O O B-datetime I-datetime I-datetime I-datetime I-datetime I-datetime O
O O O B-datetime I-datetime I-datetime I-datetime I-datetime O
O O O B-datetime I-datetime I-datetime
O O B-datetime I-datetime I-datetime O
O O O B-datetime I-datetime O O O O O
O O B-datetime I-datetime I-datetime I-datetime
O O O B-datetime I-datetime
O O O B-datetime I-datetime I-datetime I-datetime
O O B-datetime I-datetime O O O O
O O B-datetime I-datetime I-datetime I-datetime
O O O O
O O O B-datetime I-datetime I-datetime I-datetime I-datetime O
O O O B-datetime I-datetime I-datetime I-datetime O O O O
O O B-datetime I-datetime I-datetime I-datetime I-datetime
O O B-datetime I-datetime I-datetime
O O O B-datetime I-datetime I-datetime I-datetime I-datetime
O O O
O O O O O O O O O O
O O B-datetime I-datetime I-datetime O O
O O B-datetime I-datetime I-datetime I-datetime
O O O B-datetime I-datetime I-datetime
O O O B-datetime I-datetime
O O B-datetime I-datetime I-datetime O O O O O
O O O O O B-datetime I-datetime I-datetime I-datetime I-datetime
O O O B-datetime I-datetime O B-datetime I-datetime O
O O O O B-datetime I-datetime I-datetime I-datetime I-datetime O
O O O O O O B-datetime I-datetime I-datetime O
O O B-datetime I-datetime I-datetime I-datetime
O O B-datetime I-datetime I-datetime
O O O B-datetime I-datetime I-datetime I-datetime I-datetime
O O B-datetime I-datetime I-datetime
O O O B-datetime I-datetime I-datetime I-datetime I-datetime
O O
O O O B-datetime I-datetime I-datetime I-datetime I-datetime O
O O O B-datetime I-datetime I-datetime I-datetime O
O O O B-datetime I-datetime I-datetime I-datetime I-datetime O
O O O O B-datetime
O O O
O O O B-datetime I-datetime I-datetime I-datetime
O O O O O O B-datetime I-datetime O
O O B-datetime I-datetime O B-datetime I-datetime I-datetime O
O O O B-datetime I-datetime I-datetime
O O B-datetime I-datetime I-datetime I-datetime O
O O O B-datetime I-datetime I-datetime I-datetime O
O O B-datetime I-datetime I-datetime I-datetime I-datetime I-datetime I-datetime I-datetime O
O O O B-datetime I-datetime I-datetime I-datetime I-datetime O
O O B-datetime I-datetime I-datetime O O O O O
O O O B-datetime I-datetime I-datetime
O O B-datetime I-datetime I-datetime I-datetime I-datetime
O O B-datetime I-datetime I-datetime I-datetime O
O O O O O B-datetime I-datetime I-datetime O B-datetime I-datetime I-datetime I-datetime I-datetime I-datetime I-datetime I-datetime I-datetime I-datetime
O O O B-datetime I-datetime I-datetime
O O B-datetime I-datetime I-datetime I-datetime
O O O B-datetime I-datetime I-datetime I-datetime I-datetime I-datetime
O O O B-datetime I-datetime I-datetime I-datetime I-datetime
O O B-datetime I-datetime
O O O B-datetime I-datetime I-datetime I-datetime I-datetime
O O O O O O B-datetime
O O O B-datetime I-datetime I-datetime I-datetime I-datetime
O O O B-datetime I-datetime I-datetime I-datetime I-datetime I-datetime I-datetime I-datetime I-datetime
O O O B-datetime I-datetime I-datetime I-datetime
O O O B-datetime I-datetime O B-datetime I-datetime
O O B-datetime I-datetime I-datetime I-datetime
O O O B-datetime I-datetime O B-datetime
O O O B-datetime I-datetime I-datetime I-datetime I-datetime
O O O O B-datetime I-datetime I-datetime I-datetime
O O B-datetime I-datetime
O O O B-datetime I-datetime I-datetime
O O O B-datetime I-datetime I-datetime I-datetime I-datetime
O O B-datetime I-datetime I-datetime I-datetime I-datetime
O O O B-datetime I-datetime I-datetime I-datetime
O O B-datetime I-datetime I-datetime
O O B-datetime I-datetime I-datetime I-datetime O
O O O B-datetime I-datetime I-datetime I-datetime
O O O B-datetime I-datetime I-datetime I-datetime I-datetime I-datetime O
O O B-datetime I-datetime I-datetime I-datetime I-datetime I-datetime I-datetime O
O O O B-datetime I-datetime I-datetime I-datetime O
O B-datetime I-datetime I-datetime I-datetime I-datetime
O O B-datetime I-datetime I-datetime
O O O O O O B-datetime I-datetime I-datetime
O O B-datetime I-datetime I-datetime I-datetime I-datetime
O O O B-datetime I-datetime I-datetime I-datetime I-datetime I-datetime I-datetime O
O O O B-datetime I-datetime
O O O B-datetime I-datetime I-datetime
O B-datetime I-datetime O
O O B-datetime I-datetime I-datetime
O O O B-datetime I-datetime
O O B-datetime I-datetime I-datetime
O O B-datetime O B-datetime I-datetime I-datetime I-datetime I-datetime I-datetime I-datetime
O O O O O
O O B-datetime I-datetime I-datetime I-datetime I-datetime O
O O O B-datetime I-datetime I-datetime I-datetime I-datetime
O O O B-datetime I-datetime I-datetime O
O O O O O O B-datetime I-datetime O O O O B-datetime I-datetime I-datetime
O O O O O O O O B-datetime I-datetime I-datetime I-datetime I-datetime
O O B-datetime O B-datetime O O B-datetime I-datetime I-datetime O
O O O O O O B-datetime I-datetime I-datetime I-datetime I-datetime I-datetime I-datetime
O O B-datetime I-datetime I-datetime I-datetime I-datetime O
O O O
O O B-datetime I-datetime I-datetime I-datetime
O O B-datetime I-datetime I-datetime
O O B-datetime I-datetime I-datetime I-datetime I-datetime
O O O B-datetime I-datetime I-datetime I-datetime I-datetime I-datetime I-datetime
O O O O O O O O O O O B-datetime I-datetime O
O O O O O B-datetime I-datetime I-datetime
O O B-datetime I-datetime I-datetime I-datetime I-datetime
O O O B-datetime
O O B-datetime I-datetime I-datetime I-datetime I-datetime I-datetime
O O B-datetime I-datetime I-datetime I-datetime I-datetime
O O B-datetime I-datetime I-datetime I-datetime
O O B-datetime I-datetime I-datetime I-datetime
O O B-datetime I-datetime I-datetime I-datetime
O O O B-datetime I-datetime I-datetime
O O O O O O O
O O O B-datetime I-datetime I-datetime I-datetime
O O B-datetime I-datetime I-datetime I-datetime
O O O B-datetime I-datetime I-datetime I-datetime
O O B-datetime I-datetime I-datetime I-datetime
O O O B-datetime I-datetime I-datetime I-datetime I-datetime I-datetime I-datetime I-datetime I-datetime O O O
O O B-datetime I-datetime I-datetime O
O O O O O O B-datetime I-datetime I-datetime
O O B-datetime I-datetime I-datetime I-datetime O
O O B-datetime I-datetime I-datetime I-datetime
O O B-datetime I-datetime I-datetime I-datetime
O O B-datetime I-datetime I-datetime I-datetime
O O O O O O O O B-datetime I-datetime I-datetime
O O O B-datetime I-datetime I-datetime I-datetime O
O O O B-datetime I-datetime I-datetime I-datetime I-datetime
O O O O B-datetime I-datetime I-datetime I-datetime I-datetime I-datetime I-datetime O
O O O B-datetime O O O
O O O O O O O O O O O B-datetime
O O O O B-datetime I-datetime I-datetime I-datetime I-datetime
O O O B-datetime I-datetime I-datetime I-datetime
O O O B-datetime I-datetime I-datetime I-datetime I-datetime I-datetime O
O O O
O B-datetime I-datetime O
O O O B-datetime I-datetime I-datetime I-datetime I-datetime
O O O B-datetime I-datetime I-datetime
O O B-datetime I-datetime I-datetime I-datetime I-datetime
O O O O B-datetime O O
O O B-datetime I-datetime I-datetime I-datetime O
O O B-datetime I-datetime I-datetime I-datetime I-datetime
O O B-datetime O B-datetime I-datetime
O O O B-datetime I-datetime I-datetime I-datetime
O O O B-datetime I-datetime I-datetime I-datetime I-datetime
O O O B-datetime I-datetime I-datetime O
O O O
O O O O B-datetime I-datetime I-datetime I-datetime
O O O B-datetime I-datetime I-datetime I-datetime O
O O O B-datetime I-datetime I-datetime
O O B-datetime I-datetime I-datetime I-datetime I-datetime I-datetime I-datetime
O O B-datetime I-datetime I-datetime I-datetime
O O O O O B-datetime I-datetime
O O B-datetime I-datetime I-datetime O
O O O O O B-datetime I-datetime I-datetime
O O B-datetime O
O O O
O O O O
O B-datetime O O
O O O
O O O O
O O O O
O O
O O O B-datetime I-datetime
O O O
O O O B-datetime I-datetime I-datetime I-datetime
O O B-datetime O
O O B-datetime I-datetime I-datetime I-datetime I-datetime I-datetime
O B-datetime O
O O O O B-datetime I-datetime I-datetime
O O
O O O B-datetime I-datetime I-datetime I-datetime I-datetime
O O O B-datetime I-datetime I-datetime
O O O O B-datetime
O O O O B-datetime I-datetime O B-datetime O
O O O B-datetime O B-datetime I-datetime
O O B-datetime I-datetime I-datetime
O O O O
O O O B-datetime I-datetime I-datetime O
O O O
O O O O O O O
O O B-datetime O
O O O B-datetime I-datetime O
O O O B-datetime I-datetime I-datetime
O O O
O O O B-datetime I-datetime
O B-datetime O B-datetime I-datetime
O O O
O O O
O O B-datetime I-datetime I-datetime I-datetime I-datetime
O B-datetime I-datetime I-datetime O
O O O O O
O O B-datetime O
O O B-datetime I-datetime O
O O O O O B-datetime I-datetime
O O O O O O B-datetime I-datetime I-datetime I-datetime O O O O O O O
O O O O
O O O B-datetime I-datetime I-datetime O
O O O O
O O O
O O O O B-datetime I-datetime I-datetime
O O B-datetime I-datetime I-datetime I-datetime
O O O O B-datetime I-datetime I-datetime
O O O O
O O O O O
O O O O B-datetime I-datetime
O O O O
O O O B-datetime I-datetime I-datetime
O O
O O O O
O O O O O O O O O O O O O B-datetime
O O
O O O B-datetime I-datetime I-datetime O
O O O O
O O O B-datetime I-datetime O
O O O O O O O O O B-datetime I-datetime I-datetime O
O O
O O O
O O O O
O O O O B-datetime I-datetime
O O O B-datetime I-datetime
O O O O O O O
O O B-datetime O
O O
O O B-datetime I-datetime I-datetime I-datetime
O O O
O B-datetime O
O O
O O O
O O
O O O
O O O O
O O B-datetime O
O O B-datetime I-datetime O
O O O O
O O O O O
O O O O
O O
O O O B-datetime I-datetime I-datetime I-datetime
O O O
O O O B-datetime I-datetime O
O O O B-datetime I-datetime
O O B-datetime I-datetime I-datetime O O
O O B-datetime I-datetime
O O O O O O O O O O
O O O O B-datetime I-datetime
O O
O O O O
O O O O
O O O O B-datetime I-datetime I-datetime
O O O O O B-datetime I-datetime I-datetime I-datetime
O O B-datetime I-datetime
O O O O
O O O O O B-datetime I-datetime I-datetime O
O O O B-datetime I-datetime I-datetime
O O O O
O O O B-datetime I-datetime
O O O
O O O
O O O B-datetime I-datetime
O O O O
O O B-datetime I-datetime I-datetime O
O O O B-datetime I-datetime O O
O O O O O
O O O B-datetime I-datetime
O B-datetime I-datetime O
O O
O O
O B-datetime O
O O O B-datetime I-datetime I-datetime I-datetime
O O O
O O O O
O O O O
O O O O O B-datetime
O O O B-datetime I-datetime O
O O O O B-datetime I-datetime
O O O B-datetime I-datetime
O O O O
O O O O O
O O O
O O O O O O
O O B-datetime I-datetime I-datetime
O O O
O B-datetime I-datetime I-datetime O O O B-datetime O
O O B-datetime O O
O O O O O
O B-datetime I-datetime I-datetime O
O O O O B-datetime I-datetime O
O O O
O B-datetime I-datetime O
O O O O
O O O
O O
O O O O O O
O O O O O
O O
O O O
O O B-datetime I-datetime I-datetime O
O O B-datetime I-datetime I-datetime
O O O O O B-datetime I-datetime
O O O B-datetime I-datetime
O O O O B-datetime I-datetime I-datetime I-datetime O
O O O
O O B-datetime O
O O B-datetime I-datetime O
O O O B-datetime I-datetime I-datetime I-datetime
O O O O O B-datetime
O O O B-datetime I-datetime
O O O B-datetime I-datetime I-datetime O O O O O
O O O
O O B-datetime I-datetime I-datetime
O O O
O O O O O O
O B-datetime I-datetime I-datetime I-datetime I-datetime I-datetime O
O O
O O B-datetime I-datetime
O O
O O O O O O O
O O O B-datetime I-datetime
O O O O O O O
O O O O
O O
O O B-datetime I-datetime I-datetime
O O O O O O
O O O B-datetime I-datetime I-datetime
O O O
O O
O O O O B-datetime I-datetime
O O O O B-datetime I-datetime
O O O O O O
O O O O O B-datetime I-datetime I-datetime
O O O O
O O O O B-datetime I-datetime
O O O O
O B-datetime I-datetime O
O O O
O O
O O
O O B-datetime I-datetime I-datetime O
O O O O B-datetime I-datetime
O O O B-datetime I-datetime I-datetime O
O O O O
O O
O O O O O
O O O B-datetime I-datetime
O O O O
O O O O O
O O O
O O O O O B-datetime I-datetime I-datetime I-datetime O O
O O O B-datetime I-datetime
O O O O
O O O O
O O O O
O O
O O O
O O O
O O
O O O O O
O O
O O
O O O
O O
O O B-datetime
O B-datetime I-datetime O O O
O O O
O O B-datetime I-datetime I-datetime
O O O B-datetime I-datetime I-datetime I-datetime I-datetime I-datetime
O B-datetime I-datetime O
O B-datetime O
O O O O B-datetime I-datetime I-datetime
O O O B-datetime I-datetime I-datetime
O O B-datetime I-datetime I-datetime I-datetime I-datetime I-datetime
O O B-datetime I-datetime I-datetime I-datetime
O O B-datetime I-datetime I-datetime I-datetime
O O B-datetime I-datetime O B-datetime I-datetime O
O O B-datetime I-datetime I-datetime
O B-datetime O B-datetime I-datetime
O O O B-datetime I-datetime I-datetime
O O B-datetime I-datetime O B-alarm/alarm_modifier B-datetime I-datetime I-datetime I-datetime I-datetime
O O
O O
O O B-datetime I-datetime I-datetime I-datetime I-datetime I-datetime I-datetime I-datetime
O O O O O O B-datetime I-datetime I-datetime
O B-datetime I-datetime I-datetime O O O O O O B-datetime I-datetime I-datetime O
O O B-datetime I-datetime O B-alarm/alarm_modifier B-datetime I-datetime I-datetime I-datetime I-datetime
O O O B-datetime I-datetime I-datetime I-datetime
O O O O O O O O
O O O B-datetime I-datetime I-datetime I-datetime I-datetime O
O O O B-datetime I-datetime I-datetime I-datetime I-datetime I-datetime O
O O O B-datetime I-datetime I-datetime I-datetime O
O B-datetime O B-datetime I-datetime
O B-datetime O B-datetime I-datetime I-datetime I-datetime I-datetime I-datetime I-datetime I-datetime I-datetime
O O O O B-datetime I-datetime O
O B-datetime I-datetime O O O O
O O B-datetime I-datetime I-datetime I-datetime
O O O B-datetime I-datetime B-alarm/alarm_modifier B-datetime I-datetime I-datetime I-datetime
O O O O O O O B-datetime I-datetime I-datetime I-datetime O O B-datetime I-datetime
O O O B-datetime I-datetime I-datetime O B-datetime B-alarm/alarm_modifier B-datetime I-datetime I-datetime I-datetime I-datetime I-datetime
O O O B-datetime I-datetime I-datetime I-datetime
O B-datetime I-datetime O B-datetime I-datetime I-datetime I-datetime
O O B-datetime I-datetime
O B-datetime O B-datetime I-datetime I-datetime
O O B-datetime I-datetime I-datetime O O O O O O
O B-datetime I-datetime I-datetime I-datetime O B-datetime I-datetime I-datetime I-datetime I-datetime
O O O B-datetime I-datetime O
O O O B-datetime I-datetime B-alarm/alarm_modifier B-datetime I-datetime I-datetime I-datetime
O O B-datetime I-datetime
O O B-datetime I-datetime I-datetime I-datetime O
O B-datetime I-datetime I-datetime
O O O O O B-datetime I-datetime I-datetime
O O
O O
O O O B-datetime I-datetime I-datetime
O O O O O O B-datetime I-datetime I-datetime
O O O B-datetime I-datetime I-datetime O
O O O O B-datetime I-datetime I-datetime
O O O
O O O B-datetime I-datetime I-datetime
O O O O
O B-datetime I-datetime
O O O B-datetime I-datetime I-datetime I-datetime
O O O B-datetime I-datetime I-datetime
O O B-datetime I-datetime I-datetime
O O O B-datetime I-datetime I-datetime
O O O B-datetime I-datetime I-datetime I-datetime I-datetime I-datetime I-datetime
O B-datetime I-datetime I-datetime
O O B-datetime I-datetime I-datetime
O O O
O O O B-datetime I-datetime I-datetime I-datetime I-datetime I-datetime I-datetime O O O
O O O B-datetime I-datetime I-datetime
O O B-datetime I-datetime I-datetime
O O O B-datetime I-datetime I-datetime O
O O O B-datetime I-datetime I-datetime
O O B-datetime I-datetime I-datetime
O O B-datetime I-datetime I-datetime
O O B-datetime I-datetime I-datetime
O O B-datetime I-datetime I-datetime
O O O B-datetime I-datetime I-datetime
O O O B-datetime I-datetime I-datetime
O O B-datetime I-datetime I-datetime
O O O
O O O O O O B-datetime O
O B-datetime I-datetime O O O O B-datetime I-datetime I-datetime I-datetime I-datetime I-datetime
O O B-datetime I-datetime
O O O B-datetime I-datetime I-datetime O
O O O O
O O O B-datetime I-datetime I-datetime
O B-datetime O B-datetime I-datetime I-datetime O
O O B-datetime I-datetime I-datetime
O O B-datetime I-datetime I-datetime
O O O O O O
O O O O O O
O O O O O O O O
O O O O O O O O O O
O O O O O O O
O O O O O O O O O O O
O O O O O O O
O O O O O O
O O O O O O O O O
O O O O O O O O O
O O O O O O O O O
O O O O O O O O O O O
O O O O O O O O O O
O O O O O O O
O O O O O O O
O O O O O O O O O
O O O O O O O O
O O O O O O O O O O
O O O O O O
O O O O O O O
O O O O O O O O O
O O O O O O
O O O O O O O O
O O O O O O O O O O O
O O O O O O O
O O O O O O O O
O O O O O O O O O O
O O O O O O O O O
O O O O O
O O O O O O O O O O
O O O O O O
O O O O O O O O O
O O O O O O
O O O O O O
O O O O O O O
O O O O O O O O O O
O O O O O
O O O O O O O O O O O O O O O
O O O O O O O O
