O O O B-reminder/todo I-reminder/todo I-reminder/todo I-reminder/todo B-datetime
O O O O B-reminder/todo B-datetime I-datetime I-datetime I-datetime
O O O O B-reminder/todo I-reminder/todo I-reminder/todo B-datetime I-datetime I-datetime I-datetime I-datetime
O O O B-reminder/todo I-reminder/todo
O O O B-reminder/todo I-reminder/todo I-reminder/todo B-datetime I-datetime
O O O B-reminder/todo I-reminder/todo B-datetime I-datetime
O O B-datetime I-datetime I-datetime I-datetime O B-reminder/todo I-reminder/todo I-reminder/todo I-reminder/todo I-reminder/todo I-reminder/todo
O O O B-reminder/todo I-reminder/todo I-reminder/todo B-datetime I-datetime I-datetime I-datetime I-datetime
O O B-datetime O O O O B-reminder/todo I-reminder/todo I-reminder/todo I-reminder/todo
O O O B-reminder/todo I-reminder/todo I-reminder/todo B-datetime I-datetime I-datetime I-datetime I-datetime O
O B-reminder/noun O B-reminder/todo I-reminder/todo O
O O B-reminder/noun B-datetime I-datetime I-datetime
O O O B-reminder/noun
O B-reminder/noun O B-datetime I-datetime I-datetime I-datetime
O O B-reminder/noun O B-reminder/todo I-reminder/todo I-reminder/todo I-reminder/todo I-reminder/todo I-reminder/todo I-reminder/todo
O B-datetime B-reminder/noun
O B-reminder/noun O B-reminder/todo I-reminder/todo I-reminder/todo
O O O B-reminder/noun O O O
O B-reminder/noun O
O O O B-reminder/noun
O B-reminder/reference O B-reminder/noun
O O O O O O B-reminder/noun O
O O O B-reminder/reference B-reminder/noun O O O O
O B-reminder/noun B-datetime I-datetime
O B-reminder/noun B-datetime I-datetime
O O O O O B-reminder/noun
O O O B-reminder/noun B-datetime I-datetime I-datetime O O O
O O O B-datetime B-reminder/noun O
O O O B-reminder/noun B-datetime I-datetime O
O O O O B-reminder/noun O
