O B-weather/attribute O O O B-datetime O
O O O O O B-weather/noun B-datetime O B-location I-location I-location O
O O O O O B-weather/attribute B-datetime O
O O O O O B-weather/attribute
O O O B-weather/noun O O O O O B-location I-location B-datetime I-datetime I-datetime I-datetime I-datetime I-datetime I-datetime O
O O O O B-weather/attribute B-datetime O
O B-weather/attribute O O O B-datetime
O O O O B-weather/attribute O B-location B-datetime I-datetime
O O O O B-weather/attribute B-datetime O
O B-weather/attribute O O
O O O O O O O B-location B-datetime
O O O O O O
O O O O O O B-datetime
O O O B-weather/attribute I-weather/attribute
O O O B-datetime I-datetime I-datetime
O O O B-datetime I-datetime I-datetime
O O O O O O O
O O O B-datetime I-datetime
O O B-datetime I-datetime
O O O O O O B-location B-datetime I-datetime
O O B-datetime I-datetime O O
O O O O O O
O O B-datetime I-datetime O B-location I-location
O O O B-weather/attribute I-weather/attribute
O O O O O O B-datetime
O O B-datetime I-datetime
O O O O O O B-datetime I-datetime O
O O O O O O
O O O O O O B-location
O O O B-datetime
