O B-weather/attribute O O B-datetime
O O O O O B-weather/attribute B-datetime I-datetime O
O O O B-weather/noun O O O O B-datetime
O O O O B-weather/attribute B-datetime O
O O B-weather/noun O
O O B-weather/attribute O O B-datetime O
O B-datetime O O O B-weather/attribute
O O O B-weather/attribute B-datetime
O O O B-weather/noun O B-location B-datetime
O O O B-weather/attribute I-weather/attribute B-datetime I-datetime O
O B-weather/attribute O O O O O B-datetime
O O O O O B-weather/attribute B-weather/attribute O B-weather/noun B-weather/temperatureUnit O B-location B-datetime
O O O B-weather/noun B-datetime
O O O O B-weather/attribute O B-location I-location I-location B-datetime O
O O O O O O O O O B-weather/attribute O B-location O
O B-weather/attribute O O O B-location I-location O B-weather/noun B-weather/temperatureUnit
O B-weather/attribute O O O B-location B-datetime O B-weather/noun B-weather/temperatureUnit
O O B-weather/noun O O O O O B-location B-datetime
O O B-weather/attribute B-weather/attribute O B-weather/temperatureUnit B-location B-datetime I-datetime
O O O O B-weather/attribute O
O O O O B-weather/attribute O B-location B-datetime O
O O B-datetime B-weather/noun
O B-datetime O O B-weather/attribute
O O O O O O B-weather/attribute
O O O B-weather/attribute O O O O
O O B-weather/noun O O B-location O
O B-weather/attribute O O O B-datetime I-datetime I-datetime I-datetime I-datetime
O O O B-weather/attribute I-weather/attribute B-datetime O
O O O O B-weather/attribute B-datetime
O O B-datetime B-weather/attribute O
O O O O O B-weather/noun B-datetime O
B-weather/noun O B-location
O O O O B-weather/noun B-datetime O
O O B-weather/noun B-datetime O O O O O O O
O B-weather/attribute O O B-location B-datetime I-datetime O B-weather/noun B-weather/temperatureUnit
O O O O B-weather/attribute O
O O B-weather/noun O B-weather/temperatureUnit O
O O O O B-weather/attribute B-datetime
O O O O B-weather/attribute B-datetime I-datetime
O O O B-weather/noun O B-datetime O
O O O B-datetime I-datetime O
O O O O O
