O B-music_item O B-playlist I-playlist I-playlist I-playlist O
O B-artist I-artist B-playlist I-playlist I-playlist I-playlist O B-playlist_owner O B-music_item
O B-music_item O B-playlist_owner B-playlist I-playlist I-playlist O
O O B-music_item O B-playlist
O O B-music_item O B-playlist_owner B-playlist I-playlist I-playlist
O O O O O B-restaurant_type O O B-facility I-facility O B-state
O O O O B-party_size_number O O B-country B-timeRange I-timeRange I-timeRange
O B-timeRange O B-restaurant_name I-restaurant_name I-restaurant_name O B-party_size_number B-party_size_description I-party_size_description I-party_size_description I-party_size_description I-party_size_description O B-country
O O B-restaurant_type O O O O B-party_size_number
O O O O O O B-cuisine B-restaurant_type I-restaurant_type O B-state
O O O O O B-country
O O O O O B-condition_temperature O B-country
O O O O O O B-condition_temperature B-current_location
O O O B-condition_temperature B-timeRange I-timeRange I-timeRange O B-geographic_poi I-geographic_poi I-geographic_poi I-geographic_poi I-geographic_poi
O O O O B-condition_temperature B-spatial_relation O B-country O B-timeRange I-timeRange I-timeRange
O O O O O B-artist O B-sort B-music_item
O B-artist I-artist B-music_item I-music_item
O B-service
O O B-music_item B-track I-track I-track
O B-service O B-sort O O B-artist I-artist
O B-object_name I-object_name I-object_name I-object_name B-rating_value B-rating_unit
O B-object_name I-object_name B-rating_value O O B-best_rating B-rating_unit
O O B-object_select B-object_type O B-rating_value
O B-object_select B-object_type O B-rating_value B-rating_unit O O O O O B-best_rating
O O O B-object_select B-object_type O B-rating_value O O O O O B-best_rating
O O O O B-object_name I-object_name I-object_name I-object_name I-object_name I-object_name B-object_type
O O O B-object_type O B-object_name I-object_name I-object_name I-object_name I-object_name I-object_name
O O B-object_name I-object_name
O O B-object_type I-object_type O B-object_name I-object_name I-object_name
O B-object_name I-object_name I-object_name
O O O O B-timeRange O B-movie_type B-spatial_relation I-spatial_relation I-spatial_relation
O O O B-movie_type O O O B-spatial_relation I-spatial_relation I-spatial_relation
O B-object_type I-object_type O B-location_name I-location_name
O B-movie_type I-movie_type B-spatial_relation O O B-object_location_type I-object_location_type
O O O B-object_type I-object_type
