O B-artist I-artist O B-playlist_owner B-playlist I-playlist I-playlist O
O O B-music_item O B-playlist_owner B-playlist I-playlist O
O B-artist O B-playlist
O B-entity_name I-entity_name I-entity_name I-entity_name O B-playlist_owner B-playlist I-playlist I-playlist O
O O B-music_item O B-playlist I-playlist
O O B-music_item O B-playlist_owner B-playlist O
O O B-music_item O B-playlist_owner B-playlist I-playlist I-playlist O
O B-entity_name I-entity_name I-entity_name I-entity_name I-entity_name O B-playlist_owner B-playlist I-playlist O
O B-playlist I-playlist O O B-entity_name I-entity_name
O O O O B-artist I-artist O B-playlist_owner B-playlist I-playlist I-playlist O
O O O B-entity_name O B-playlist_owner B-playlist I-playlist I-playlist I-playlist I-playlist I-playlist O
O B-entity_name I-entity_name I-entity_name O B-playlist_owner O B-playlist
O O B-music_item O B-artist I-artist O O B-playlist I-playlist O
O O B-music_item O B-playlist_owner B-playlist I-playlist
B-playlist_owner B-playlist I-playlist I-playlist O B-entity_name I-entity_name I-entity_name O O
O O B-music_item O B-playlist_owner I-playlist_owner O O B-playlist I-playlist
O O B-artist I-artist O B-playlist_owner B-playlist I-playlist I-playlist I-playlist I-playlist I-playlist O
O B-entity_name I-entity_name I-entity_name I-entity_name I-entity_name O B-playlist I-playlist
O O B-music_item O B-playlist I-playlist I-playlist O
O O O O B-restaurant_name I-restaurant_name I-restaurant_name O B-timeRange I-timeRange I-timeRange O B-country
O O O O O O B-restaurant_type O O B-served_dish I-served_dish O B-state
O O O O B-party_size_number B-timeRange I-timeRange I-timeRange I-timeRange O B-city
O O O O O B-party_size_number O O B-restaurant_type O B-country
O B-restaurant_type I-restaurant_type O O B-sort I-sort
O O O O B-timeRange I-timeRange I-timeRange I-timeRange O O B-sort I-sort O O B-party_size_description I-party_size_description I-party_size_description I-party_size_description O O B-restaurant_type O B-cuisine
O O O O O B-party_size_number O O O O O B-facility O O B-restaurant_type
B-party_size_description I-party_size_description I-party_size_description O O O O O B-cuisine B-restaurant_type I-restaurant_type B-spatial_relation I-spatial_relation B-state
O O O O O O O B-spatial_relation O B-state
O O O O O O O O B-party_size_number B-timeRange O O O O B-state
O O O B-poi I-poi O O O B-restaurant_type O B-party_size_number B-spatial_relation I-spatial_relation
O O B-restaurant_name I-restaurant_name O B-country O B-party_size_number
O O O B-restaurant_type O O O O O B-served_dish I-served_dish O B-state
O O B-sort B-restaurant_type O B-party_size_number O O B-timeRange O B-city I-city B-state
O O O O B-party_size_number O O B-cuisine I-cuisine B-restaurant_type
O O O O B-party_size_number O O B-state B-restaurant_type O B-served_dish O O O B-timeRange
O O O B-restaurant_type O B-city I-city B-state O O B-served_dish O O O O O O B-timeRange
O O O O B-party_size_number O O B-cuisine B-restaurant_type B-spatial_relation B-poi I-poi I-poi
O O O O B-party_size_description I-party_size_description I-party_size_description I-party_size_description O O B-sort I-sort B-restaurant_type O O B-spatial_relation I-spatial_relation O B-country
O O O B-city I-city O O B-condition_temperature O
O O O O O O O B-condition_temperature B-timeRange O B-country I-country
O O O O O O B-current_location I-current_location
O O O O O O B-country B-city
O O O O O B-condition_temperature O B-geographic_poi I-geographic_poi I-geographic_poi
O O O O O O O O O B-timeRange O B-city B-state
O O B-condition_temperature O B-state I-state
O O O B-city
O O O B-condition_description B-timeRange O B-geographic_poi I-geographic_poi I-geographic_poi I-geographic_poi
O O B-condition_temperature O B-geographic_poi I-geographic_poi I-geographic_poi
O O O O O B-geographic_poi I-geographic_poi I-geographic_poi I-geographic_poi
O O O O O B-city I-city B-country
O O O O O O O B-state O O O B-condition_temperature O B-timeRange
O O O O O B-country
O O O O O B-spatial_relation I-spatial_relation B-city
O O O O O O B-current_location I-current_location
O O B-timeRange I-timeRange O B-state
O O B-condition_description O B-city
O O O O B-condition_description O B-timeRange I-timeRange O B-geographic_poi I-geographic_poi I-geographic_poi I-geographic_poi
O O B-music_item B-album I-album I-album I-album O B-artist I-artist O B-service
O B-year O
O B-year O O B-service
O B-service
O O B-artist I-artist I-artist B-music_item O B-service I-service
O B-artist I-artist O O O O B-sort
O O B-artist I-artist
O O B-year O B-artist I-artist
O O B-music_item I-music_item O B-year
O B-service O O B-artist I-artist O B-year
O O B-music_item O B-year O B-artist I-artist
O O B-music_item O B-year
O O B-sort O O B-year
O O O O B-playlist
O O B-music_item B-album I-album I-album O B-artist O B-service I-service
O O O O O O O B-year O O B-music_item
O B-sort B-artist I-artist
O O O O B-music_item B-track I-track O B-service I-service O B-artist I-artist
O B-artist I-artist
O O O O O O O B-artist I-artist O B-sort I-sort B-music_item O B-service
O B-object_name I-object_name O O O B-rating_value
O B-rating_value O O B-best_rating O O B-object_select B-object_type
O O O B-object_name I-object_name I-object_name I-object_name I-object_name I-object_name O B-rating_value
O B-object_select B-object_type O B-rating_value
O O O B-object_select B-object_type B-rating_value B-rating_unit O O O O O B-best_rating
O O B-object_select B-object_type B-rating_value O B-best_rating B-rating_unit
O B-object_select B-object_type B-rating_value B-rating_unit O O B-best_rating
O O O O O O B-object_type B-object_name I-object_name I-object_name B-rating_value O B-best_rating B-rating_unit
O B-rating_value O O B-best_rating B-rating_unit O B-object_select B-object_type
O B-object_name I-object_name B-rating_value O O B-best_rating B-rating_unit
O O O O O B-object_select B-object_part_of_series_type O B-rating_value
O B-object_select B-object_type B-rating_value B-rating_unit
O O O O B-object_select B-object_part_of_series_type B-rating_value B-rating_unit
O O B-object_select B-object_type B-rating_value O O B-best_rating
O B-rating_value O O B-best_rating B-rating_unit O B-object_select B-object_type
O O B-object_select B-object_type B-object_part_of_series_type B-rating_value O O B-best_rating B-rating_unit
O B-object_name I-object_name I-object_name I-object_name O B-rating_value
O B-object_name I-object_name I-object_name I-object_name I-object_name I-object_name B-object_part_of_series_type O O O O B-rating_value
O O B-object_select B-object_type O B-rating_value O B-best_rating
O O O O O B-object_type I-object_type B-object_name I-object_name I-object_name
O O B-object_name B-object_type
O O O B-object_name I-object_name I-object_name I-object_name B-object_type
O O O O O B-object_type I-object_type B-object_name I-object_name
O B-object_name I-object_name I-object_name I-object_name O B-object_type I-object_type
O O O B-object_name I-object_name B-object_type
O O B-object_type B-object_name I-object_name I-object_name
O O O O O B-object_type B-object_name I-object_name I-object_name I-object_name
O O O B-object_type I-object_type B-object_name I-object_name I-object_name I-object_name I-object_name
O O B-object_type I-object_type O B-object_name
O O B-object_type O B-object_name I-object_name I-object_name I-object_name
O O O O O B-object_type B-object_name I-object_name I-object_name I-object_name I-object_name
O B-object_name I-object_name I-object_name B-object_type I-object_type
O O O B-object_type B-object_name I-object_name I-object_name
O O O O B-object_name I-object_name I-object_name
O O O B-object_type I-object_type B-object_name I-object_name I-object_name
O O O O B-object_type I-object_type B-object_name I-object_name I-object_name I-object_name I-object_name I-object_name
O O O B-object_type O B-object_name I-object_name
O O O O B-object_name I-object_name I-object_name I-object_name I-object_name I-object_name I-object_name I-object_name
O O O B-object_type I-object_type
O B-movie_name I-movie_name I-movie_name I-movie_name O O O B-object_location_type
O O B-spatial_relation B-object_location_type I-object_location_type O B-movie_type I-movie_type
O B-movie_type O O O B-timeRange I-timeRange I-timeRange O B-location_name I-location_name
O O B-object_type O O B-spatial_relation I-spatial_relation B-movie_type
O B-movie_type O O O O B-spatial_relation B-object_location_type I-object_location_type B-timeRange I-timeRange I-timeRange
O B-movie_name I-movie_name O O B-timeRange I-timeRange I-timeRange O B-location_name I-location_name
O B-object_location_type I-object_location_type O O O B-movie_type I-movie_type B-spatial_relation
O B-location_name I-location_name O B-movie_name I-movie_name I-movie_name O O
O O O B-spatial_relation B-object_location_type I-object_location_type O O B-movie_name I-movie_name I-movie_name I-movie_name
O O O O O B-movie_name I-movie_name O O O B-object_location_type
O O O O B-movie_name I-movie_name I-movie_name I-movie_name
O O B-movie_name I-movie_name I-movie_name I-movie_name O
O O B-spatial_relation O O B-movie_name I-movie_name I-movie_name I-movie_name O O B-object_location_type
O O B-object_type O B-movie_name I-movie_name I-movie_name
O O B-spatial_relation B-movie_type O O B-object_location_type I-object_location_type
O O O O B-object_type I-object_type B-spatial_relation O O B-movie_type I-movie_type
O O O O B-object_type I-object_type B-timeRange I-timeRange I-timeRange I-timeRange
O O O O O B-movie_type O B-spatial_relation