O O B-weather/attribute B-location O
O O O O B-weather/noun O B-location
O O O O B-weather/attribute B-datetime O
O O O B-weather/noun O O O B-datetime I-datetime O
O B-datetime O B-weather/attribute O
O O B-weather/noun O O
B-weather/noun B-datetime O B-location I-location I-location
O B-weather/attribute O O O
O O O O B-weather/noun O O O B-datetime O
O O B-weather/attribute B-datetime
O O O O O B-datetime O
O O B-weather/noun O O O O O B-location B-datetime I-datetime
O O O B-weather/noun B-datetime I-datetime O
O O O O B-weather/attribute B-datetime O
O O B-weather/attribute O O B-datetime I-datetime O
O O O B-weather/attribute O B-datetime I-datetime I-datetime
O O O B-weather/noun O O B-location B-datetime I-datetime
O O B-weather/noun B-datetime I-datetime
O O B-weather/noun I-weather/noun B-datetime I-datetime O
O O O B-datetime
O O O O O B-weather/attribute B-datetime O
O O O O O B-weather/attribute O
O O O B-weather/noun I-weather/noun O B-datetime
O O O O B-weather/attribute B-datetime O
O O O O B-weather/attribute O B-location B-datetime I-datetime O
O O O B-weather/noun O B-location I-location B-datetime I-datetime O
O O O O O O B-weather/attribute B-datetime
O O B-datetime I-datetime B-weather/noun O
O O O O B-weather/attribute
O O B-weather/attribute O B-location B-datetime O
O O O B-weather/noun O O O O O B-location B-datetime
O O B-weather/noun O B-datetime O
O B-datetime O O B-weather/noun
O O O O O O B-weather/noun O
O O O B-weather/noun I-weather/noun B-datetime I-datetime I-datetime O B-location I-location O
O O O O O O O B-weather/attribute O
O O O B-weather/attribute B-weather/attribute O B-weather/noun B-weather/temperatureUnit O B-location B-datetime
B-weather/noun O O
O O B-datetime B-weather/attribute I-weather/attribute O
O O O B-weather/attribute O
O O B-datetime I-datetime B-weather/noun O
O O O O O B-weather/attribute
O O O O O B-weather/attribute B-datetime I-datetime O
O B-weather/attribute O O O B-datetime O B-location O
O O B-weather/attribute O B-location O B-datetime O
O O O O B-weather/attribute B-datetime I-datetime O O O
O O B-weather/attribute O O B-weather/attribute B-datetime O
O O O O B-weather/attribute B-datetime O
O O O O O B-weather/attribute B-datetime O
O O O B-weather/noun B-datetime O
O O O B-weather/noun O O O B-datetime O
O O O B-weather/attribute O O B-weather/attribute
O O O O B-weather/attribute B-datetime O
O O O O B-weather/attribute B-datetime I-datetime O
O O B-weather/noun I-weather/noun B-datetime
O O O B-weather/noun O O O O B-datetime I-datetime O
O O B-weather/attribute O O B-location I-location O
O O O O B-weather/attribute B-datetime O
O B-datetime O O B-weather/attribute
O B-weather/attribute O O O O O B-datetime I-datetime
O O O O B-weather/attribute O O B-location O
O O O B-weather/noun O O B-datetime I-datetime
O O B-weather/attribute B-datetime I-datetime O
O O B-weather/noun O B-datetime O B-location O
O O O O B-weather/attribute O B-location B-datetime I-datetime
O O B-weather/attribute I-weather/attribute B-weather/noun B-datetime O
O B-weather/attribute O O O B-datetime O
O O O O B-weather/attribute I-weather/attribute O
B-weather/noun O B-location I-location B-datetime B-weather/temperatureUnit
B-location I-location I-location B-weather/noun I-weather/noun
O O O B-weather/noun O B-datetime O B-location I-location
O O B-weather/attribute O B-location
O O O B-weather/attribute B-datetime O
O O O B-weather/noun O B-datetime O
O O O O B-weather/noun I-weather/noun
O B-weather/attribute O O B-datetime O B-location I-location B-weather/noun B-weather/temperatureUnit
O O O B-weather/noun O B-location O
O O B-weather/attribute O B-location I-location B-datetime
O O B-weather/attribute B-weather/attribute O B-weather/noun B-weather/temperatureUnit O B-location I-location
O O O O B-weather/attribute B-datetime
O O O B-datetime I-datetime I-datetime
O O O B-datetime B-datetime
O O O B-datetime I-datetime
